{"C:\\Users\\Rio\\Documents\\BOOTCAMP\\FINAL PROJECT\\goMank\\server\\services\\client\\app.js": {"path":"C:\\Users\\Rio\\Documents\\BOOTCAMP\\FINAL PROJECT\\goMank\\server\\services\\client\\app.js","statementMap":{"0":{"start":{"line":1,"column":0},"end":{"line":3,"column":1}},"1":{"start":{"line":2,"column":4},"end":{"line":2,"column":30}},"2":{"start":{"line":4,"column":16},"end":{"line":4,"column":34}},"3":{"start":{"line":5,"column":12},"end":{"line":5,"column":21}},"4":{"start":{"line":6,"column":13},"end":{"line":6,"column":37}},"5":{"start":{"line":7,"column":18},"end":{"line":7,"column":46}},"6":{"start":{"line":8,"column":13},"end":{"line":8,"column":28}},"7":{"start":{"line":9,"column":27},"end":{"line":9,"column":57}},"8":{"start":{"line":11,"column":0},"end":{"line":11,"column":15}},"9":{"start":{"line":12,"column":0},"end":{"line":12,"column":23}},"10":{"start":{"line":13,"column":0},"end":{"line":13,"column":47}},"11":{"start":{"line":15,"column":0},"end":{"line":15,"column":23}},"12":{"start":{"line":24,"column":0},"end":{"line":24,"column":24}}},"fnMap":{},"branchMap":{"0":{"loc":{"start":{"line":1,"column":0},"end":{"line":3,"column":1}},"type":"if","locations":[{"start":{"line":1,"column":0},"end":{"line":3,"column":1}},{"start":{},"end":{}}],"line":1},"1":{"loc":{"start":{"line":6,"column":13},"end":{"line":6,"column":37}},"type":"binary-expr","locations":[{"start":{"line":6,"column":13},"end":{"line":6,"column":29}},{"start":{"line":6,"column":33},"end":{"line":6,"column":37}}],"line":6}},"s":{"0":1,"1":1,"2":1,"3":1,"4":1,"5":1,"6":1,"7":1,"8":1,"9":1,"10":1,"11":1,"12":1},"f":{},"b":{"0":[1,0],"1":[1,1]},"_coverageSchema":"1a1c01bbd47fc00a2c39e90264f33305004495a9","hash":"9b991f9f5da8867cccb40c957c224e2bf2d72f80"}
,"C:\\Users\\Rio\\Documents\\BOOTCAMP\\FINAL PROJECT\\goMank\\server\\services\\client\\config\\mongoDb.js": {"path":"C:\\Users\\Rio\\Documents\\BOOTCAMP\\FINAL PROJECT\\goMank\\server\\services\\client\\config\\mongoDb.js","statementMap":{"0":{"start":{"line":1,"column":24},"end":{"line":1,"column":42}},"1":{"start":{"line":3,"column":12},"end":{"line":3,"column":39}},"2":{"start":{"line":5,"column":15},"end":{"line":5,"column":35}},"3":{"start":{"line":7,"column":15},"end":{"line":7,"column":29}},"4":{"start":{"line":11,"column":4},"end":{"line":11,"column":27}},"5":{"start":{"line":12,"column":4},"end":{"line":12,"column":52}},"6":{"start":{"line":13,"column":4},"end":{"line":13,"column":27}},"7":{"start":{"line":22,"column":4},"end":{"line":22,"column":13}},"8":{"start":{"line":25,"column":0},"end":{"line":25,"column":56}}},"fnMap":{"0":{"name":"connectMongoDb","decl":{"start":{"line":10,"column":15},"end":{"line":10,"column":29}},"loc":{"start":{"line":10,"column":32},"end":{"line":15,"column":1}},"line":10},"1":{"name":"getDataBase","decl":{"start":{"line":21,"column":9},"end":{"line":21,"column":20}},"loc":{"start":{"line":21,"column":23},"end":{"line":23,"column":1}},"line":21}},"branchMap":{},"s":{"0":1,"1":1,"2":1,"3":1,"4":1,"5":1,"6":1,"7":11,"8":1},"f":{"0":1,"1":11},"b":{},"_coverageSchema":"1a1c01bbd47fc00a2c39e90264f33305004495a9","hash":"378e08a94aa28cb127fd60d05311a5900fbd588c"}
,"C:\\Users\\Rio\\Documents\\BOOTCAMP\\FINAL PROJECT\\goMank\\server\\services\\client\\controllers\\clientController.js": {"path":"C:\\Users\\Rio\\Documents\\BOOTCAMP\\FINAL PROJECT\\goMank\\server\\services\\client\\controllers\\clientController.js","statementMap":{"0":{"start":{"line":1,"column":15},"end":{"line":1,"column":32}},"1":{"start":{"line":2,"column":19},"end":{"line":2,"column":46}},"2":{"start":{"line":6,"column":8},"end":{"line":11,"column":9}},"3":{"start":{"line":7,"column":28},"end":{"line":7,"column":56}},"4":{"start":{"line":8,"column":12},"end":{"line":8,"column":41}},"5":{"start":{"line":10,"column":12},"end":{"line":10,"column":80}},"6":{"start":{"line":15,"column":8},"end":{"line":22,"column":9}},"7":{"start":{"line":16,"column":27},"end":{"line":16,"column":37}},"8":{"start":{"line":17,"column":27},"end":{"line":17,"column":57}},"9":{"start":{"line":18,"column":12},"end":{"line":18,"column":34}},"10":{"start":{"line":19,"column":12},"end":{"line":19,"column":40}},"11":{"start":{"line":21,"column":12},"end":{"line":21,"column":80}},"12":{"start":{"line":26,"column":8},"end":{"line":45,"column":9}},"13":{"start":{"line":27,"column":12},"end":{"line":32,"column":13}},"14":{"start":{"line":28,"column":16},"end":{"line":31,"column":18}},"15":{"start":{"line":33,"column":25},"end":{"line":33,"column":33}},"16":{"start":{"line":34,"column":12},"end":{"line":34,"column":61}},"17":{"start":{"line":35,"column":25},"end":{"line":35,"column":58}},"18":{"start":{"line":36,"column":12},"end":{"line":36,"column":66}},"19":{"start":{"line":37,"column":12},"end":{"line":37,"column":40}},"20":{"start":{"line":39,"column":12},"end":{"line":39,"column":31}},"21":{"start":{"line":40,"column":12},"end":{"line":44,"column":13}},"22":{"start":{"line":41,"column":16},"end":{"line":41,"column":61}},"23":{"start":{"line":43,"column":16},"end":{"line":43,"column":84}},"24":{"start":{"line":49,"column":8},"end":{"line":80,"column":9}},"25":{"start":{"line":50,"column":12},"end":{"line":55,"column":13}},"26":{"start":{"line":51,"column":16},"end":{"line":54,"column":18}},"27":{"start":{"line":56,"column":25},"end":{"line":56,"column":33}},"28":{"start":{"line":57,"column":27},"end":{"line":57,"column":57}},"29":{"start":{"line":58,"column":12},"end":{"line":58,"column":32}},"30":{"start":{"line":59,"column":12},"end":{"line":64,"column":13}},"31":{"start":{"line":60,"column":16},"end":{"line":63,"column":18}},"32":{"start":{"line":65,"column":12},"end":{"line":70,"column":13}},"33":{"start":{"line":66,"column":16},"end":{"line":69,"column":18}},"34":{"start":{"line":71,"column":12},"end":{"line":71,"column":34}},"35":{"start":{"line":72,"column":12},"end":{"line":72,"column":40}},"36":{"start":{"line":74,"column":12},"end":{"line":74,"column":31}},"37":{"start":{"line":75,"column":12},"end":{"line":79,"column":13}},"38":{"start":{"line":76,"column":16},"end":{"line":76,"column":61}},"39":{"start":{"line":78,"column":16},"end":{"line":78,"column":81}},"40":{"start":{"line":84,"column":0},"end":{"line":84,"column":35}}},"fnMap":{"0":{"name":"(anonymous_0)","decl":{"start":{"line":5,"column":4},"end":{"line":5,"column":5}},"loc":{"start":{"line":5,"column":47},"end":{"line":12,"column":5}},"line":5},"1":{"name":"(anonymous_1)","decl":{"start":{"line":14,"column":4},"end":{"line":14,"column":5}},"loc":{"start":{"line":14,"column":47},"end":{"line":23,"column":5}},"line":14},"2":{"name":"(anonymous_2)","decl":{"start":{"line":25,"column":4},"end":{"line":25,"column":5}},"loc":{"start":{"line":25,"column":48},"end":{"line":46,"column":5}},"line":25},"3":{"name":"(anonymous_3)","decl":{"start":{"line":48,"column":4},"end":{"line":48,"column":5}},"loc":{"start":{"line":48,"column":45},"end":{"line":81,"column":5}},"line":48}},"branchMap":{"0":{"loc":{"start":{"line":27,"column":12},"end":{"line":32,"column":13}},"type":"if","locations":[{"start":{"line":27,"column":12},"end":{"line":32,"column":13}},{"start":{},"end":{}}],"line":27},"1":{"loc":{"start":{"line":27,"column":15},"end":{"line":27,"column":95}},"type":"binary-expr","locations":[{"start":{"line":27,"column":15},"end":{"line":27,"column":30}},{"start":{"line":27,"column":34},"end":{"line":27,"column":52}},{"start":{"line":27,"column":56},"end":{"line":27,"column":70}},{"start":{"line":27,"column":74},"end":{"line":27,"column":95}}],"line":27},"2":{"loc":{"start":{"line":40,"column":12},"end":{"line":44,"column":13}},"type":"if","locations":[{"start":{"line":40,"column":12},"end":{"line":44,"column":13}},{"start":{"line":42,"column":17},"end":{"line":44,"column":13}}],"line":40},"3":{"loc":{"start":{"line":50,"column":12},"end":{"line":55,"column":13}},"type":"if","locations":[{"start":{"line":50,"column":12},"end":{"line":55,"column":13}},{"start":{},"end":{}}],"line":50},"4":{"loc":{"start":{"line":50,"column":15},"end":{"line":50,"column":52}},"type":"binary-expr","locations":[{"start":{"line":50,"column":15},"end":{"line":50,"column":30}},{"start":{"line":50,"column":34},"end":{"line":50,"column":52}}],"line":50},"5":{"loc":{"start":{"line":59,"column":12},"end":{"line":64,"column":13}},"type":"if","locations":[{"start":{"line":59,"column":12},"end":{"line":64,"column":13}},{"start":{},"end":{}}],"line":59},"6":{"loc":{"start":{"line":65,"column":12},"end":{"line":70,"column":13}},"type":"if","locations":[{"start":{"line":65,"column":12},"end":{"line":70,"column":13}},{"start":{},"end":{}}],"line":65},"7":{"loc":{"start":{"line":75,"column":12},"end":{"line":79,"column":13}},"type":"if","locations":[{"start":{"line":75,"column":12},"end":{"line":79,"column":13}},{"start":{"line":77,"column":17},"end":{"line":79,"column":13}}],"line":75}},"s":{"0":1,"1":1,"2":2,"3":2,"4":1,"5":1,"6":2,"7":2,"8":2,"9":1,"10":1,"11":1,"12":6,"13":6,"14":4,"15":2,"16":2,"17":2,"18":1,"19":1,"20":5,"21":5,"22":4,"23":1,"24":6,"25":6,"26":2,"27":4,"28":4,"29":3,"30":3,"31":1,"32":2,"33":1,"34":1,"35":1,"36":5,"37":5,"38":4,"39":1,"40":1},"f":{"0":2,"1":2,"2":6,"3":6},"b":{"0":[4,2],"1":[6,5,4,3],"2":[4,1],"3":[2,4],"4":[6,5],"5":[1,2],"6":[1,1],"7":[4,1]},"_coverageSchema":"1a1c01bbd47fc00a2c39e90264f33305004495a9","hash":"8b11bcc8d9fafb1467431ce10d50804d74ae6833"}
,"C:\\Users\\Rio\\Documents\\BOOTCAMP\\FINAL PROJECT\\goMank\\server\\services\\client\\models\\client.js": {"path":"C:\\Users\\Rio\\Documents\\BOOTCAMP\\FINAL PROJECT\\goMank\\server\\services\\client\\models\\client.js","statementMap":{"0":{"start":{"line":1,"column":21},"end":{"line":1,"column":39}},"1":{"start":{"line":2,"column":24},"end":{"line":2,"column":52}},"2":{"start":{"line":7,"column":8},"end":{"line":17,"column":9}},"3":{"start":{"line":8,"column":23},"end":{"line":8,"column":36}},"4":{"start":{"line":9,"column":28},"end":{"line":13,"column":26}},"5":{"start":{"line":14,"column":12},"end":{"line":14,"column":26}},"6":{"start":{"line":16,"column":12},"end":{"line":16,"column":25}},"7":{"start":{"line":21,"column":8},"end":{"line":30,"column":9}},"8":{"start":{"line":22,"column":23},"end":{"line":22,"column":36}},"9":{"start":{"line":23,"column":27},"end":{"line":25,"column":47}},"10":{"start":{"line":26,"column":12},"end":{"line":26,"column":34}},"11":{"start":{"line":27,"column":12},"end":{"line":27,"column":25}},"12":{"start":{"line":29,"column":12},"end":{"line":29,"column":25}},"13":{"start":{"line":34,"column":8},"end":{"line":42,"column":9}},"14":{"start":{"line":35,"column":23},"end":{"line":35,"column":36}},"15":{"start":{"line":36,"column":27},"end":{"line":38,"column":32}},"16":{"start":{"line":39,"column":12},"end":{"line":39,"column":25}},"17":{"start":{"line":41,"column":12},"end":{"line":41,"column":25}},"18":{"start":{"line":46,"column":8},"end":{"line":54,"column":9}},"19":{"start":{"line":47,"column":23},"end":{"line":47,"column":36}},"20":{"start":{"line":48,"column":27},"end":{"line":50,"column":44}},"21":{"start":{"line":51,"column":12},"end":{"line":51,"column":25}},"22":{"start":{"line":53,"column":12},"end":{"line":53,"column":25}},"23":{"start":{"line":58,"column":0},"end":{"line":58,"column":27}}},"fnMap":{"0":{"name":"(anonymous_0)","decl":{"start":{"line":6,"column":4},"end":{"line":6,"column":5}},"loc":{"start":{"line":6,"column":33},"end":{"line":18,"column":5}},"line":6},"1":{"name":"(anonymous_1)","decl":{"start":{"line":20,"column":4},"end":{"line":20,"column":5}},"loc":{"start":{"line":20,"column":35},"end":{"line":31,"column":5}},"line":20},"2":{"name":"(anonymous_2)","decl":{"start":{"line":33,"column":4},"end":{"line":33,"column":5}},"loc":{"start":{"line":33,"column":38},"end":{"line":43,"column":5}},"line":33},"3":{"name":"(anonymous_3)","decl":{"start":{"line":45,"column":4},"end":{"line":45,"column":5}},"loc":{"start":{"line":45,"column":35},"end":{"line":55,"column":5}},"line":45}},"branchMap":{},"s":{"0":1,"1":1,"2":2,"3":2,"4":2,"5":1,"6":1,"7":3,"8":3,"9":3,"10":2,"11":2,"12":1,"13":2,"14":2,"15":2,"16":1,"17":1,"18":4,"19":4,"20":4,"21":3,"22":1,"23":1},"f":{"0":2,"1":3,"2":2,"3":4},"b":{},"_coverageSchema":"1a1c01bbd47fc00a2c39e90264f33305004495a9","hash":"66b0e3daf3e8e012ccef943b7a12fdeaa9b0052c"}
,"C:\\Users\\Rio\\Documents\\BOOTCAMP\\FINAL PROJECT\\goMank\\server\\services\\client\\routes\\clientRoutes.js": {"path":"C:\\Users\\Rio\\Documents\\BOOTCAMP\\FINAL PROJECT\\goMank\\server\\services\\client\\routes\\clientRoutes.js","statementMap":{"0":{"start":{"line":1,"column":16},"end":{"line":1,"column":34}},"1":{"start":{"line":2,"column":29},"end":{"line":2,"column":71}},"2":{"start":{"line":3,"column":15},"end":{"line":3,"column":31}},"3":{"start":{"line":5,"column":0},"end":{"line":5,"column":46}},"4":{"start":{"line":6,"column":0},"end":{"line":6,"column":49}},"5":{"start":{"line":7,"column":0},"end":{"line":7,"column":50}},"6":{"start":{"line":8,"column":0},"end":{"line":8,"column":56}},"7":{"start":{"line":10,"column":0},"end":{"line":10,"column":23}}},"fnMap":{},"branchMap":{},"s":{"0":1,"1":1,"2":1,"3":1,"4":1,"5":1,"6":1,"7":1},"f":{},"b":{},"_coverageSchema":"1a1c01bbd47fc00a2c39e90264f33305004495a9","hash":"e5403a1fed109cc14ec38f6fe36dd24e1f92d572"}
,"C:\\Users\\Rio\\Documents\\BOOTCAMP\\FINAL PROJECT\\goMank\\server\\services\\client\\routes\\index.js": {"path":"C:\\Users\\Rio\\Documents\\BOOTCAMP\\FINAL PROJECT\\goMank\\server\\services\\client\\routes\\index.js","statementMap":{"0":{"start":{"line":1,"column":16},"end":{"line":1,"column":34}},"1":{"start":{"line":2,"column":15},"end":{"line":2,"column":31}},"2":{"start":{"line":3,"column":21},"end":{"line":3,"column":49}},"3":{"start":{"line":5,"column":0},"end":{"line":5,"column":35}},"4":{"start":{"line":7,"column":0},"end":{"line":7,"column":23}}},"fnMap":{},"branchMap":{},"s":{"0":1,"1":1,"2":1,"3":1,"4":1},"f":{},"b":{},"_coverageSchema":"1a1c01bbd47fc00a2c39e90264f33305004495a9","hash":"56eeb6b85795897d95339be60bea71ac59d98d75"}
}
