TN:
SF:app.js
FN:18,(anonymous_0)
FNF:1
FNH:1
FNDA:1,(anonymous_0)
DA:1,1
DA:2,1
DA:4,1
DA:5,1
DA:6,1
DA:7,1
DA:8,1
DA:9,1
DA:11,1
DA:12,1
DA:13,1
DA:15,1
DA:17,1
DA:24,1
LF:14
LH:14
BRDA:1,0,0,1
BRDA:1,0,1,0
BRDA:6,1,0,1
BRDA:6,1,1,1
BRF:4
BRH:3
end_of_record
TN:
SF:config\mongoDb.js
FN:10,connectMongoDb
FN:20,getDataBase
FNF:2
FNH:2
FNDA:13,connectMongoDb
FNDA:12,getDataBase
DA:1,1
DA:4,1
DA:5,1
DA:7,1
DA:11,13
DA:12,13
DA:13,13
DA:21,12
DA:24,1
LF:9
LH:9
BRF:0
BRH:0
end_of_record
TN:
SF:controllers\clientController.js
FN:5,(anonymous_0)
FN:14,(anonymous_1)
FN:25,(anonymous_2)
FN:48,(anonymous_3)
FNF:4
FNH:4
FNDA:2,(anonymous_0)
FNDA:2,(anonymous_1)
FNDA:6,(anonymous_2)
FNDA:6,(anonymous_3)
DA:1,1
DA:2,1
DA:6,2
DA:7,2
DA:8,1
DA:10,1
DA:15,2
DA:16,2
DA:17,2
DA:18,1
DA:19,1
DA:21,1
DA:26,6
DA:27,6
DA:28,4
DA:33,2
DA:34,2
DA:35,2
DA:36,1
DA:37,1
DA:39,5
DA:40,5
DA:41,4
DA:43,1
DA:49,6
DA:50,6
DA:51,2
DA:56,4
DA:57,4
DA:58,3
DA:59,1
DA:64,2
DA:65,1
DA:70,1
DA:71,1
DA:73,5
DA:74,5
DA:75,4
DA:77,1
DA:83,1
LF:40
LH:40
BRDA:27,0,0,4
BRDA:27,0,1,2
BRDA:27,1,0,6
BRDA:27,1,1,5
BRDA:27,1,2,4
BRDA:27,1,3,3
BRDA:40,2,0,4
BRDA:40,2,1,1
BRDA:50,3,0,2
BRDA:50,3,1,4
BRDA:50,4,0,6
BRDA:50,4,1,5
BRDA:58,5,0,1
BRDA:58,5,1,2
BRDA:64,6,0,1
BRDA:64,6,1,1
BRDA:74,7,0,4
BRDA:74,7,1,1
BRF:18
BRH:18
end_of_record
TN:
SF:models\client.js
FN:6,(anonymous_0)
FN:20,(anonymous_1)
FN:33,(anonymous_2)
FN:45,(anonymous_3)
FNF:4
FNH:4
FNDA:2,(anonymous_0)
FNDA:3,(anonymous_1)
FNDA:2,(anonymous_2)
FNDA:4,(anonymous_3)
DA:1,1
DA:2,1
DA:7,2
DA:8,2
DA:9,2
DA:14,1
DA:16,1
DA:21,3
DA:22,3
DA:23,3
DA:26,2
DA:27,2
DA:29,1
DA:34,2
DA:35,2
DA:36,2
DA:39,1
DA:41,1
DA:46,4
DA:47,4
DA:48,4
DA:51,3
DA:53,1
DA:58,1
LF:24
LH:24
BRF:0
BRH:0
end_of_record
TN:
SF:routes\clientRoutes.js
FNF:0
FNH:0
DA:1,1
DA:2,1
DA:3,1
DA:5,1
DA:6,1
DA:7,1
DA:8,1
DA:10,1
LF:8
LH:8
BRF:0
BRH:0
end_of_record
TN:
SF:routes\index.js
FNF:0
FNH:0
DA:1,1
DA:2,1
DA:3,1
DA:5,1
DA:7,1
LF:5
LH:5
BRF:0
BRH:0
end_of_record
