{"C:\\Users\\Rio\\Documents\\BOOTCAMP\\FINAL PROJECT\\goMank\\server\\services\\mamang\\app.js": {"path":"C:\\Users\\Rio\\Documents\\BOOTCAMP\\FINAL PROJECT\\goMank\\server\\services\\mamang\\app.js","statementMap":{"0":{"start":{"line":1,"column":0},"end":{"line":3,"column":3}},"1":{"start":{"line":2,"column":4},"end":{"line":2,"column":30}},"2":{"start":{"line":4,"column":16},"end":{"line":4,"column":34}},"3":{"start":{"line":5,"column":12},"end":{"line":5,"column":21}},"4":{"start":{"line":6,"column":13},"end":{"line":6,"column":37}},"5":{"start":{"line":7,"column":18},"end":{"line":7,"column":46}},"6":{"start":{"line":8,"column":13},"end":{"line":8,"column":28}},"7":{"start":{"line":9,"column":27},"end":{"line":9,"column":57}},"8":{"start":{"line":11,"column":0},"end":{"line":11,"column":15}},"9":{"start":{"line":12,"column":0},"end":{"line":12,"column":23}},"10":{"start":{"line":13,"column":0},"end":{"line":13,"column":47}},"11":{"start":{"line":15,"column":0},"end":{"line":15,"column":23}},"12":{"start":{"line":17,"column":0},"end":{"line":22,"column":6}},"13":{"start":{"line":24,"column":0},"end":{"line":24,"column":22}}},"fnMap":{"0":{"name":"(anonymous_0)","decl":{"start":{"line":18,"column":10},"end":{"line":18,"column":11}},"loc":{"start":{"line":18,"column":16},"end":{"line":22,"column":5}},"line":18}},"branchMap":{"0":{"loc":{"start":{"line":1,"column":0},"end":{"line":3,"column":3}},"type":"if","locations":[{"start":{"line":1,"column":0},"end":{"line":3,"column":3}},{"start":{},"end":{}}],"line":1},"1":{"loc":{"start":{"line":6,"column":13},"end":{"line":6,"column":37}},"type":"binary-expr","locations":[{"start":{"line":6,"column":13},"end":{"line":6,"column":29}},{"start":{"line":6,"column":33},"end":{"line":6,"column":37}}],"line":6}},"s":{"0":1,"1":1,"2":1,"3":1,"4":1,"5":1,"6":1,"7":1,"8":1,"9":1,"10":1,"11":1,"12":1,"13":1},"f":{"0":1},"b":{"0":[1,0],"1":[1,1]},"_coverageSchema":"1a1c01bbd47fc00a2c39e90264f33305004495a9","hash":"df854ade450434ae22bcd7a6f8823a2434f1e911"}
,"C:\\Users\\Rio\\Documents\\BOOTCAMP\\FINAL PROJECT\\goMank\\server\\services\\mamang\\config\\mongoDb.js": {"path":"C:\\Users\\Rio\\Documents\\BOOTCAMP\\FINAL PROJECT\\goMank\\server\\services\\mamang\\config\\mongoDb.js","statementMap":{"0":{"start":{"line":1,"column":24},"end":{"line":1,"column":42}},"1":{"start":{"line":4,"column":12},"end":{"line":4,"column":32}},"2":{"start":{"line":5,"column":15},"end":{"line":5,"column":35}},"3":{"start":{"line":7,"column":15},"end":{"line":7,"column":29}},"4":{"start":{"line":11,"column":4},"end":{"line":11,"column":27}},"5":{"start":{"line":12,"column":4},"end":{"line":12,"column":52}},"6":{"start":{"line":13,"column":4},"end":{"line":13,"column":27}},"7":{"start":{"line":17,"column":4},"end":{"line":17,"column":13}},"8":{"start":{"line":20,"column":0},"end":{"line":20,"column":45}}},"fnMap":{"0":{"name":"connectMongoDb","decl":{"start":{"line":10,"column":15},"end":{"line":10,"column":29}},"loc":{"start":{"line":10,"column":32},"end":{"line":14,"column":1}},"line":10},"1":{"name":"getDataBase","decl":{"start":{"line":16,"column":9},"end":{"line":16,"column":20}},"loc":{"start":{"line":16,"column":22},"end":{"line":18,"column":1}},"line":16}},"branchMap":{},"s":{"0":1,"1":1,"2":1,"3":1,"4":19,"5":19,"6":19,"7":22,"8":1},"f":{"0":19,"1":22},"b":{},"_coverageSchema":"1a1c01bbd47fc00a2c39e90264f33305004495a9","hash":"e5e4bfd4c505736544898d6c5d2524412ef86080"}
,"C:\\Users\\Rio\\Documents\\BOOTCAMP\\FINAL PROJECT\\goMank\\server\\services\\mamang\\controllers\\mamangController.js": {"path":"C:\\Users\\Rio\\Documents\\BOOTCAMP\\FINAL PROJECT\\goMank\\server\\services\\mamang\\controllers\\mamangController.js","statementMap":{"0":{"start":{"line":1,"column":15},"end":{"line":1,"column":32}},"1":{"start":{"line":2,"column":12},"end":{"line":2,"column":35}},"2":{"start":{"line":3,"column":19},"end":{"line":3,"column":46}},"3":{"start":{"line":7,"column":8},"end":{"line":12,"column":9}},"4":{"start":{"line":8,"column":28},"end":{"line":8,"column":56}},"5":{"start":{"line":9,"column":12},"end":{"line":9,"column":41}},"6":{"start":{"line":11,"column":12},"end":{"line":11,"column":83}},"7":{"start":{"line":16,"column":8},"end":{"line":23,"column":9}},"8":{"start":{"line":17,"column":27},"end":{"line":17,"column":37}},"9":{"start":{"line":18,"column":27},"end":{"line":18,"column":57}},"10":{"start":{"line":19,"column":12},"end":{"line":19,"column":34}},"11":{"start":{"line":20,"column":12},"end":{"line":20,"column":40}},"12":{"start":{"line":22,"column":12},"end":{"line":22,"column":83}},"13":{"start":{"line":27,"column":8},"end":{"line":53,"column":9}},"14":{"start":{"line":28,"column":12},"end":{"line":33,"column":13}},"15":{"start":{"line":29,"column":16},"end":{"line":32,"column":18}},"16":{"start":{"line":34,"column":12},"end":{"line":39,"column":13}},"17":{"start":{"line":35,"column":16},"end":{"line":38,"column":18}},"18":{"start":{"line":40,"column":23},"end":{"line":40,"column":31}},"19":{"start":{"line":41,"column":12},"end":{"line":41,"column":26}},"20":{"start":{"line":42,"column":12},"end":{"line":42,"column":62}},"21":{"start":{"line":43,"column":25},"end":{"line":43,"column":58}},"22":{"start":{"line":44,"column":12},"end":{"line":44,"column":66}},"23":{"start":{"line":45,"column":12},"end":{"line":45,"column":40}},"24":{"start":{"line":47,"column":12},"end":{"line":47,"column":31}},"25":{"start":{"line":48,"column":12},"end":{"line":52,"column":13}},"26":{"start":{"line":49,"column":16},"end":{"line":49,"column":64}},"27":{"start":{"line":51,"column":16},"end":{"line":51,"column":87}},"28":{"start":{"line":57,"column":8},"end":{"line":86,"column":9}},"29":{"start":{"line":58,"column":12},"end":{"line":63,"column":13}},"30":{"start":{"line":59,"column":16},"end":{"line":62,"column":18}},"31":{"start":{"line":64,"column":25},"end":{"line":64,"column":33}},"32":{"start":{"line":65,"column":27},"end":{"line":65,"column":57}},"33":{"start":{"line":66,"column":12},"end":{"line":71,"column":13}},"34":{"start":{"line":67,"column":16},"end":{"line":70,"column":18}},"35":{"start":{"line":72,"column":12},"end":{"line":77,"column":13}},"36":{"start":{"line":73,"column":16},"end":{"line":76,"column":18}},"37":{"start":{"line":78,"column":12},"end":{"line":78,"column":34}},"38":{"start":{"line":79,"column":12},"end":{"line":79,"column":40}},"39":{"start":{"line":81,"column":12},"end":{"line":85,"column":13}},"40":{"start":{"line":82,"column":16},"end":{"line":82,"column":64}},"41":{"start":{"line":84,"column":16},"end":{"line":84,"column":84}},"42":{"start":{"line":90,"column":8},"end":{"line":96,"column":9}},"43":{"start":{"line":91,"column":27},"end":{"line":91,"column":37}},"44":{"start":{"line":92,"column":12},"end":{"line":92,"column":44}},"45":{"start":{"line":93,"column":12},"end":{"line":93,"column":72}},"46":{"start":{"line":95,"column":12},"end":{"line":95,"column":85}},"47":{"start":{"line":100,"column":8},"end":{"line":118,"column":9}},"48":{"start":{"line":101,"column":12},"end":{"line":106,"column":13}},"49":{"start":{"line":102,"column":16},"end":{"line":105,"column":18}},"50":{"start":{"line":107,"column":27},"end":{"line":107,"column":37}},"51":{"start":{"line":108,"column":30},"end":{"line":108,"column":38}},"52":{"start":{"line":109,"column":12},"end":{"line":109,"column":53}},"53":{"start":{"line":110,"column":27},"end":{"line":110,"column":57}},"54":{"start":{"line":111,"column":12},"end":{"line":111,"column":40}},"55":{"start":{"line":113,"column":12},"end":{"line":117,"column":13}},"56":{"start":{"line":114,"column":16},"end":{"line":114,"column":64}},"57":{"start":{"line":116,"column":16},"end":{"line":116,"column":91}},"58":{"start":{"line":122,"column":8},"end":{"line":140,"column":9}},"59":{"start":{"line":123,"column":12},"end":{"line":128,"column":13}},"60":{"start":{"line":124,"column":16},"end":{"line":127,"column":18}},"61":{"start":{"line":129,"column":27},"end":{"line":129,"column":37}},"62":{"start":{"line":130,"column":32},"end":{"line":130,"column":40}},"63":{"start":{"line":131,"column":12},"end":{"line":131,"column":57}},"64":{"start":{"line":132,"column":27},"end":{"line":132,"column":57}},"65":{"start":{"line":133,"column":12},"end":{"line":133,"column":40}},"66":{"start":{"line":135,"column":12},"end":{"line":139,"column":13}},"67":{"start":{"line":136,"column":16},"end":{"line":136,"column":64}},"68":{"start":{"line":138,"column":16},"end":{"line":138,"column":93}},"69":{"start":{"line":144,"column":8},"end":{"line":166,"column":9}},"70":{"start":{"line":145,"column":12},"end":{"line":149,"column":13}},"71":{"start":{"line":146,"column":16},"end":{"line":148,"column":18}},"72":{"start":{"line":150,"column":33},"end":{"line":150,"column":41}},"73":{"start":{"line":151,"column":41},"end":{"line":151,"column":81}},"74":{"start":{"line":153,"column":12},"end":{"line":153,"column":54}},"75":{"start":{"line":153,"column":43},"end":{"line":153,"column":53}},"76":{"start":{"line":155,"column":12},"end":{"line":157,"column":13}},"77":{"start":{"line":155,"column":25},"end":{"line":155,"column":26}},"78":{"start":{"line":156,"column":16},"end":{"line":156,"column":50}},"79":{"start":{"line":158,"column":12},"end":{"line":158,"column":56}},"80":{"start":{"line":160,"column":12},"end":{"line":160,"column":31}},"81":{"start":{"line":161,"column":12},"end":{"line":165,"column":13}},"82":{"start":{"line":162,"column":16},"end":{"line":162,"column":69}},"83":{"start":{"line":164,"column":16},"end":{"line":164,"column":91}},"84":{"start":{"line":171,"column":0},"end":{"line":171,"column":37}}},"fnMap":{"0":{"name":"(anonymous_0)","decl":{"start":{"line":6,"column":4},"end":{"line":6,"column":5}},"loc":{"start":{"line":6,"column":47},"end":{"line":13,"column":5}},"line":6},"1":{"name":"(anonymous_1)","decl":{"start":{"line":15,"column":4},"end":{"line":15,"column":5}},"loc":{"start":{"line":15,"column":47},"end":{"line":24,"column":5}},"line":15},"2":{"name":"(anonymous_2)","decl":{"start":{"line":26,"column":4},"end":{"line":26,"column":5}},"loc":{"start":{"line":26,"column":48},"end":{"line":54,"column":5}},"line":26},"3":{"name":"(anonymous_3)","decl":{"start":{"line":56,"column":4},"end":{"line":56,"column":5}},"loc":{"start":{"line":56,"column":45},"end":{"line":87,"column":5}},"line":56},"4":{"name":"(anonymous_4)","decl":{"start":{"line":89,"column":4},"end":{"line":89,"column":5}},"loc":{"start":{"line":89,"column":49},"end":{"line":97,"column":5}},"line":89},"5":{"name":"(anonymous_5)","decl":{"start":{"line":99,"column":4},"end":{"line":99,"column":5}},"loc":{"start":{"line":99,"column":51},"end":{"line":119,"column":5}},"line":99},"6":{"name":"(anonymous_6)","decl":{"start":{"line":121,"column":4},"end":{"line":121,"column":5}},"loc":{"start":{"line":121,"column":53},"end":{"line":141,"column":5}},"line":121},"7":{"name":"(anonymous_7)","decl":{"start":{"line":143,"column":4},"end":{"line":143,"column":5}},"loc":{"start":{"line":143,"column":51},"end":{"line":167,"column":5}},"line":143},"8":{"name":"(anonymous_8)","decl":{"start":{"line":153,"column":38},"end":{"line":153,"column":39}},"loc":{"start":{"line":153,"column":43},"end":{"line":153,"column":53}},"line":153}},"branchMap":{"0":{"loc":{"start":{"line":28,"column":12},"end":{"line":33,"column":13}},"type":"if","locations":[{"start":{"line":28,"column":12},"end":{"line":33,"column":13}},{"start":{},"end":{}}],"line":28},"1":{"loc":{"start":{"line":28,"column":16},"end":{"line":28,"column":96}},"type":"binary-expr","locations":[{"start":{"line":28,"column":16},"end":{"line":28,"column":31}},{"start":{"line":28,"column":35},"end":{"line":28,"column":53}},{"start":{"line":28,"column":57},"end":{"line":28,"column":71}},{"start":{"line":28,"column":75},"end":{"line":28,"column":96}}],"line":28},"2":{"loc":{"start":{"line":34,"column":12},"end":{"line":39,"column":13}},"type":"if","locations":[{"start":{"line":34,"column":12},"end":{"line":39,"column":13}},{"start":{},"end":{}}],"line":34},"3":{"loc":{"start":{"line":34,"column":16},"end":{"line":34,"column":95}},"type":"binary-expr","locations":[{"start":{"line":34,"column":16},"end":{"line":34,"column":32}},{"start":{"line":34,"column":36},"end":{"line":34,"column":53}},{"start":{"line":34,"column":57},"end":{"line":34,"column":72}},{"start":{"line":34,"column":76},"end":{"line":34,"column":95}}],"line":34},"4":{"loc":{"start":{"line":48,"column":12},"end":{"line":52,"column":13}},"type":"if","locations":[{"start":{"line":48,"column":12},"end":{"line":52,"column":13}},{"start":{"line":50,"column":19},"end":{"line":52,"column":13}}],"line":48},"5":{"loc":{"start":{"line":58,"column":12},"end":{"line":63,"column":13}},"type":"if","locations":[{"start":{"line":58,"column":12},"end":{"line":63,"column":13}},{"start":{},"end":{}}],"line":58},"6":{"loc":{"start":{"line":58,"column":16},"end":{"line":58,"column":53}},"type":"binary-expr","locations":[{"start":{"line":58,"column":16},"end":{"line":58,"column":31}},{"start":{"line":58,"column":35},"end":{"line":58,"column":53}}],"line":58},"7":{"loc":{"start":{"line":66,"column":12},"end":{"line":71,"column":13}},"type":"if","locations":[{"start":{"line":66,"column":12},"end":{"line":71,"column":13}},{"start":{},"end":{}}],"line":66},"8":{"loc":{"start":{"line":72,"column":12},"end":{"line":77,"column":13}},"type":"if","locations":[{"start":{"line":72,"column":12},"end":{"line":77,"column":13}},{"start":{},"end":{}}],"line":72},"9":{"loc":{"start":{"line":81,"column":12},"end":{"line":85,"column":13}},"type":"if","locations":[{"start":{"line":81,"column":12},"end":{"line":85,"column":13}},{"start":{"line":83,"column":19},"end":{"line":85,"column":13}}],"line":81},"10":{"loc":{"start":{"line":101,"column":12},"end":{"line":106,"column":13}},"type":"if","locations":[{"start":{"line":101,"column":12},"end":{"line":106,"column":13}},{"start":{},"end":{}}],"line":101},"11":{"loc":{"start":{"line":113,"column":12},"end":{"line":117,"column":13}},"type":"if","locations":[{"start":{"line":113,"column":12},"end":{"line":117,"column":13}},{"start":{"line":115,"column":19},"end":{"line":117,"column":13}}],"line":113},"12":{"loc":{"start":{"line":123,"column":12},"end":{"line":128,"column":13}},"type":"if","locations":[{"start":{"line":123,"column":12},"end":{"line":128,"column":13}},{"start":{},"end":{}}],"line":123},"13":{"loc":{"start":{"line":135,"column":12},"end":{"line":139,"column":13}},"type":"if","locations":[{"start":{"line":135,"column":12},"end":{"line":139,"column":13}},{"start":{"line":137,"column":19},"end":{"line":139,"column":13}}],"line":135},"14":{"loc":{"start":{"line":145,"column":12},"end":{"line":149,"column":13}},"type":"if","locations":[{"start":{"line":145,"column":12},"end":{"line":149,"column":13}},{"start":{},"end":{}}],"line":145},"15":{"loc":{"start":{"line":161,"column":12},"end":{"line":165,"column":13}},"type":"if","locations":[{"start":{"line":161,"column":12},"end":{"line":165,"column":13}},{"start":{"line":163,"column":17},"end":{"line":165,"column":13}}],"line":161}},"s":{"0":1,"1":1,"2":1,"3":2,"4":2,"5":1,"6":1,"7":2,"8":2,"9":2,"10":1,"11":1,"12":1,"13":10,"14":10,"15":4,"16":6,"17":4,"18":2,"19":2,"20":2,"21":2,"22":1,"23":1,"24":9,"25":9,"26":8,"27":1,"28":6,"29":6,"30":2,"31":4,"32":4,"33":3,"34":1,"35":2,"36":1,"37":1,"38":1,"39":5,"40":4,"41":1,"42":2,"43":2,"44":2,"45":1,"46":1,"47":3,"48":3,"49":1,"50":2,"51":2,"52":2,"53":1,"54":1,"55":2,"56":1,"57":1,"58":3,"59":3,"60":1,"61":2,"62":2,"63":2,"64":1,"65":1,"66":2,"67":1,"68":1,"69":3,"70":3,"71":1,"72":2,"73":2,"74":1,"75":2,"76":1,"77":1,"78":2,"79":1,"80":2,"81":2,"82":1,"83":1,"84":1},"f":{"0":2,"1":2,"2":10,"3":6,"4":2,"5":3,"6":3,"7":3,"8":2},"b":{"0":[4,6],"1":[10,9,8,7],"2":[4,2],"3":[6,5,4,3],"4":[8,1],"5":[2,4],"6":[6,5],"7":[1,2],"8":[1,1],"9":[4,1],"10":[1,2],"11":[1,1],"12":[1,2],"13":[1,1],"14":[1,2],"15":[1,1]},"_coverageSchema":"1a1c01bbd47fc00a2c39e90264f33305004495a9","hash":"d2e3eff9e432ce04f426e095b2a2901287152804"}
,"C:\\Users\\Rio\\Documents\\BOOTCAMP\\FINAL PROJECT\\goMank\\server\\services\\mamang\\models\\mamang.js": {"path":"C:\\Users\\Rio\\Documents\\BOOTCAMP\\FINAL PROJECT\\goMank\\server\\services\\mamang\\models\\mamang.js","statementMap":{"0":{"start":{"line":1,"column":21},"end":{"line":1,"column":39}},"1":{"start":{"line":2,"column":24},"end":{"line":2,"column":52}},"2":{"start":{"line":7,"column":8},"end":{"line":17,"column":9}},"3":{"start":{"line":8,"column":23},"end":{"line":8,"column":36}},"4":{"start":{"line":9,"column":28},"end":{"line":13,"column":26}},"5":{"start":{"line":14,"column":12},"end":{"line":14,"column":26}},"6":{"start":{"line":16,"column":12},"end":{"line":16,"column":25}},"7":{"start":{"line":21,"column":8},"end":{"line":30,"column":9}},"8":{"start":{"line":22,"column":23},"end":{"line":22,"column":36}},"9":{"start":{"line":23,"column":27},"end":{"line":25,"column":47}},"10":{"start":{"line":26,"column":12},"end":{"line":26,"column":34}},"11":{"start":{"line":27,"column":12},"end":{"line":27,"column":25}},"12":{"start":{"line":29,"column":12},"end":{"line":29,"column":25}},"13":{"start":{"line":34,"column":8},"end":{"line":47,"column":9}},"14":{"start":{"line":35,"column":24},"end":{"line":38,"column":13}},"15":{"start":{"line":39,"column":12},"end":{"line":39,"column":30}},"16":{"start":{"line":40,"column":23},"end":{"line":40,"column":36}},"17":{"start":{"line":41,"column":27},"end":{"line":43,"column":32}},"18":{"start":{"line":44,"column":12},"end":{"line":44,"column":25}},"19":{"start":{"line":46,"column":12},"end":{"line":46,"column":25}},"20":{"start":{"line":51,"column":8},"end":{"line":59,"column":9}},"21":{"start":{"line":52,"column":23},"end":{"line":52,"column":36}},"22":{"start":{"line":53,"column":27},"end":{"line":55,"column":47}},"23":{"start":{"line":56,"column":12},"end":{"line":56,"column":25}},"24":{"start":{"line":58,"column":12},"end":{"line":58,"column":25}},"25":{"start":{"line":63,"column":8},"end":{"line":71,"column":9}},"26":{"start":{"line":64,"column":23},"end":{"line":64,"column":36}},"27":{"start":{"line":65,"column":12},"end":{"line":67,"column":49}},"28":{"start":{"line":68,"column":12},"end":{"line":68,"column":37}},"29":{"start":{"line":70,"column":12},"end":{"line":70,"column":25}},"30":{"start":{"line":75,"column":8},"end":{"line":92,"column":9}},"31":{"start":{"line":76,"column":24},"end":{"line":79,"column":13}},"32":{"start":{"line":80,"column":23},"end":{"line":80,"column":36}},"33":{"start":{"line":81,"column":12},"end":{"line":88,"column":22}},"34":{"start":{"line":89,"column":12},"end":{"line":89,"column":45}},"35":{"start":{"line":91,"column":12},"end":{"line":91,"column":25}},"36":{"start":{"line":96,"column":8},"end":{"line":109,"column":9}},"37":{"start":{"line":97,"column":23},"end":{"line":97,"column":36}},"38":{"start":{"line":98,"column":12},"end":{"line":105,"column":22}},"39":{"start":{"line":106,"column":12},"end":{"line":106,"column":43}},"40":{"start":{"line":108,"column":12},"end":{"line":108,"column":25}},"41":{"start":{"line":113,"column":8},"end":{"line":153,"column":9}},"42":{"start":{"line":114,"column":23},"end":{"line":114,"column":36}},"43":{"start":{"line":115,"column":12},"end":{"line":117,"column":53}},"44":{"start":{"line":118,"column":28},"end":{"line":131,"column":26}},"45":{"start":{"line":132,"column":30},"end":{"line":149,"column":26}},"46":{"start":{"line":150,"column":12},"end":{"line":150,"column":38}},"47":{"start":{"line":152,"column":12},"end":{"line":152,"column":25}},"48":{"start":{"line":158,"column":0},"end":{"line":158,"column":27}}},"fnMap":{"0":{"name":"(anonymous_0)","decl":{"start":{"line":6,"column":4},"end":{"line":6,"column":5}},"loc":{"start":{"line":6,"column":33},"end":{"line":18,"column":5}},"line":6},"1":{"name":"(anonymous_1)","decl":{"start":{"line":20,"column":4},"end":{"line":20,"column":5}},"loc":{"start":{"line":20,"column":35},"end":{"line":31,"column":5}},"line":20},"2":{"name":"(anonymous_2)","decl":{"start":{"line":33,"column":4},"end":{"line":33,"column":5}},"loc":{"start":{"line":33,"column":38},"end":{"line":48,"column":5}},"line":33},"3":{"name":"(anonymous_3)","decl":{"start":{"line":50,"column":4},"end":{"line":50,"column":5}},"loc":{"start":{"line":50,"column":35},"end":{"line":60,"column":5}},"line":50},"4":{"name":"(anonymous_4)","decl":{"start":{"line":62,"column":4},"end":{"line":62,"column":5}},"loc":{"start":{"line":62,"column":37},"end":{"line":72,"column":5}},"line":62},"5":{"name":"(anonymous_5)","decl":{"start":{"line":74,"column":4},"end":{"line":74,"column":5}},"loc":{"start":{"line":74,"column":50},"end":{"line":93,"column":5}},"line":74},"6":{"name":"(anonymous_6)","decl":{"start":{"line":95,"column":4},"end":{"line":95,"column":5}},"loc":{"start":{"line":95,"column":46},"end":{"line":110,"column":5}},"line":95},"7":{"name":"(anonymous_7)","decl":{"start":{"line":112,"column":4},"end":{"line":112,"column":5}},"loc":{"start":{"line":112,"column":45},"end":{"line":154,"column":5}},"line":112}},"branchMap":{},"s":{"0":1,"1":1,"2":2,"3":2,"4":2,"5":1,"6":1,"7":5,"8":5,"9":5,"10":4,"11":4,"12":1,"13":2,"14":2,"15":2,"16":2,"17":2,"18":1,"19":1,"20":4,"21":4,"22":4,"23":3,"24":1,"25":2,"26":2,"27":2,"28":1,"29":1,"30":2,"31":2,"32":2,"33":2,"34":1,"35":1,"36":2,"37":2,"38":2,"39":1,"40":1,"41":2,"42":2,"43":2,"44":1,"45":1,"46":1,"47":1,"48":1},"f":{"0":2,"1":5,"2":2,"3":4,"4":2,"5":2,"6":2,"7":2},"b":{},"_coverageSchema":"1a1c01bbd47fc00a2c39e90264f33305004495a9","hash":"f1b5fc39b87e5d131ae7f3da1d24d4c5ae8c37a0"}
,"C:\\Users\\Rio\\Documents\\BOOTCAMP\\FINAL PROJECT\\goMank\\server\\services\\mamang\\routes\\index.js": {"path":"C:\\Users\\Rio\\Documents\\BOOTCAMP\\FINAL PROJECT\\goMank\\server\\services\\mamang\\routes\\index.js","statementMap":{"0":{"start":{"line":1,"column":16},"end":{"line":1,"column":34}},"1":{"start":{"line":2,"column":15},"end":{"line":2,"column":31}},"2":{"start":{"line":3,"column":21},"end":{"line":3,"column":49}},"3":{"start":{"line":5,"column":0},"end":{"line":5,"column":35}},"4":{"start":{"line":7,"column":0},"end":{"line":7,"column":23}}},"fnMap":{},"branchMap":{},"s":{"0":1,"1":1,"2":1,"3":1,"4":1},"f":{},"b":{},"_coverageSchema":"1a1c01bbd47fc00a2c39e90264f33305004495a9","hash":"ace74c89ba328269bd2decaa83e8c2722a5fe93d"}
,"C:\\Users\\Rio\\Documents\\BOOTCAMP\\FINAL PROJECT\\goMank\\server\\services\\mamang\\routes\\mamangRoutes.js": {"path":"C:\\Users\\Rio\\Documents\\BOOTCAMP\\FINAL PROJECT\\goMank\\server\\services\\mamang\\routes\\mamangRoutes.js","statementMap":{"0":{"start":{"line":1,"column":16},"end":{"line":1,"column":34}},"1":{"start":{"line":2,"column":29},"end":{"line":2,"column":71}},"2":{"start":{"line":3,"column":15},"end":{"line":3,"column":31}},"3":{"start":{"line":5,"column":0},"end":{"line":5,"column":46}},"4":{"start":{"line":6,"column":0},"end":{"line":6,"column":57}},"5":{"start":{"line":7,"column":0},"end":{"line":7,"column":49}},"6":{"start":{"line":8,"column":0},"end":{"line":8,"column":50}},"7":{"start":{"line":9,"column":0},"end":{"line":9,"column":56}},"8":{"start":{"line":10,"column":0},"end":{"line":10,"column":54}},"9":{"start":{"line":11,"column":0},"end":{"line":11,"column":65}},"10":{"start":{"line":12,"column":0},"end":{"line":12,"column":55}},"11":{"start":{"line":14,"column":0},"end":{"line":14,"column":23}}},"fnMap":{},"branchMap":{},"s":{"0":1,"1":1,"2":1,"3":1,"4":1,"5":1,"6":1,"7":1,"8":1,"9":1,"10":1,"11":1},"f":{},"b":{},"_coverageSchema":"1a1c01bbd47fc00a2c39e90264f33305004495a9","hash":"fc9a0909249768d1115294790ff8562ca74e5105"}
}
