{"E:\\Folder Rio\\Folder Hacktiv8\\Skripsi\\goMank\\server\\services\\mamang\\app.js": {"path":"E:\\Folder Rio\\Folder Hacktiv8\\Skripsi\\goMank\\server\\services\\mamang\\app.js","statementMap":{"0":{"start":{"line":1,"column":0},"end":{"line":3,"column":3}},"1":{"start":{"line":2,"column":4},"end":{"line":2,"column":30}},"2":{"start":{"line":4,"column":16},"end":{"line":4,"column":34}},"3":{"start":{"line":5,"column":12},"end":{"line":5,"column":21}},"4":{"start":{"line":6,"column":13},"end":{"line":6,"column":37}},"5":{"start":{"line":7,"column":18},"end":{"line":7,"column":46}},"6":{"start":{"line":8,"column":13},"end":{"line":8,"column":28}},"7":{"start":{"line":9,"column":23},"end":{"line":9,"column":53}},"8":{"start":{"line":11,"column":0},"end":{"line":11,"column":15}},"9":{"start":{"line":12,"column":0},"end":{"line":12,"column":23}},"10":{"start":{"line":13,"column":0},"end":{"line":13,"column":47}},"11":{"start":{"line":15,"column":0},"end":{"line":15,"column":23}},"12":{"start":{"line":17,"column":0},"end":{"line":22,"column":2}},"13":{"start":{"line":19,"column":4},"end":{"line":21,"column":6}},"14":{"start":{"line":20,"column":8},"end":{"line":20,"column":39}},"15":{"start":{"line":24,"column":0},"end":{"line":24,"column":22}}},"fnMap":{"0":{"name":"(anonymous_0)","decl":{"start":{"line":18,"column":6},"end":{"line":18,"column":7}},"loc":{"start":{"line":18,"column":12},"end":{"line":22,"column":1}},"line":18},"1":{"name":"(anonymous_1)","decl":{"start":{"line":19,"column":21},"end":{"line":19,"column":22}},"loc":{"start":{"line":19,"column":27},"end":{"line":21,"column":5}},"line":19}},"branchMap":{"0":{"loc":{"start":{"line":1,"column":0},"end":{"line":3,"column":3}},"type":"if","locations":[{"start":{"line":1,"column":0},"end":{"line":3,"column":3}},{"start":{},"end":{}}],"line":1},"1":{"loc":{"start":{"line":6,"column":13},"end":{"line":6,"column":37}},"type":"binary-expr","locations":[{"start":{"line":6,"column":13},"end":{"line":6,"column":29}},{"start":{"line":6,"column":33},"end":{"line":6,"column":37}}],"line":6}},"s":{"0":1,"1":1,"2":1,"3":1,"4":1,"5":1,"6":1,"7":1,"8":1,"9":1,"10":1,"11":1,"12":1,"13":1,"14":1,"15":1},"f":{"0":1,"1":1},"b":{"0":[1,0],"1":[1,0]},"_coverageSchema":"1a1c01bbd47fc00a2c39e90264f33305004495a9","hash":"cee6c102267e402dc51bdca60f93431c727fcb63"}
,"E:\\Folder Rio\\Folder Hacktiv8\\Skripsi\\goMank\\server\\services\\mamang\\config\\mongoDb.js": {"path":"E:\\Folder Rio\\Folder Hacktiv8\\Skripsi\\goMank\\server\\services\\mamang\\config\\mongoDb.js","statementMap":{"0":{"start":{"line":1,"column":0},"end":{"line":3,"column":3}},"1":{"start":{"line":2,"column":4},"end":{"line":2,"column":30}},"2":{"start":{"line":5,"column":44},"end":{"line":5,"column":62}},"3":{"start":{"line":6,"column":14},"end":{"line":6,"column":35}},"4":{"start":{"line":7,"column":17},"end":{"line":7,"column":122}},"5":{"start":{"line":14,"column":17},"end":{"line":14,"column":25}},"6":{"start":{"line":18,"column":6},"end":{"line":24,"column":7}},"7":{"start":{"line":19,"column":10},"end":{"line":19,"column":33}},"8":{"start":{"line":20,"column":10},"end":{"line":20,"column":58}},"9":{"start":{"line":21,"column":10},"end":{"line":21,"column":33}},"10":{"start":{"line":23,"column":10},"end":{"line":23,"column":70}},"11":{"start":{"line":27,"column":17},"end":{"line":29,"column":3}},"12":{"start":{"line":28,"column":6},"end":{"line":28,"column":15}},"13":{"start":{"line":31,"column":2},"end":{"line":31,"column":41}}},"fnMap":{"0":{"name":"connection","decl":{"start":{"line":17,"column":17},"end":{"line":17,"column":27}},"loc":{"start":{"line":17,"column":30},"end":{"line":25,"column":3}},"line":17},"1":{"name":"(anonymous_1)","decl":{"start":{"line":27,"column":17},"end":{"line":27,"column":18}},"loc":{"start":{"line":27,"column":23},"end":{"line":29,"column":3}},"line":27}},"branchMap":{"0":{"loc":{"start":{"line":1,"column":0},"end":{"line":3,"column":3}},"type":"if","locations":[{"start":{"line":1,"column":0},"end":{"line":3,"column":3}},{"start":{},"end":{}}],"line":1}},"s":{"0":1,"1":1,"2":1,"3":1,"4":1,"5":1,"6":19,"7":19,"8":19,"9":19,"10":0,"11":1,"12":22,"13":1},"f":{"0":19,"1":22},"b":{"0":[1,0]},"_coverageSchema":"1a1c01bbd47fc00a2c39e90264f33305004495a9","hash":"ed33b812c32424919ae99dbd3984ea3a47329418"}
,"E:\\Folder Rio\\Folder Hacktiv8\\Skripsi\\goMank\\server\\services\\mamang\\controllers\\mamangController.js": {"path":"E:\\Folder Rio\\Folder Hacktiv8\\Skripsi\\goMank\\server\\services\\mamang\\controllers\\mamangController.js","statementMap":{"0":{"start":{"line":1,"column":15},"end":{"line":1,"column":32}},"1":{"start":{"line":2,"column":12},"end":{"line":2,"column":35}},"2":{"start":{"line":3,"column":19},"end":{"line":3,"column":46}},"3":{"start":{"line":7,"column":8},"end":{"line":13,"column":9}},"4":{"start":{"line":8,"column":28},"end":{"line":8,"column":56}},"5":{"start":{"line":9,"column":12},"end":{"line":9,"column":41}},"6":{"start":{"line":11,"column":12},"end":{"line":11,"column":31}},"7":{"start":{"line":12,"column":12},"end":{"line":12,"column":83}},"8":{"start":{"line":17,"column":8},"end":{"line":24,"column":9}},"9":{"start":{"line":18,"column":27},"end":{"line":18,"column":37}},"10":{"start":{"line":19,"column":27},"end":{"line":19,"column":57}},"11":{"start":{"line":20,"column":12},"end":{"line":20,"column":34}},"12":{"start":{"line":21,"column":12},"end":{"line":21,"column":40}},"13":{"start":{"line":23,"column":12},"end":{"line":23,"column":83}},"14":{"start":{"line":28,"column":8},"end":{"line":54,"column":9}},"15":{"start":{"line":29,"column":12},"end":{"line":34,"column":13}},"16":{"start":{"line":30,"column":16},"end":{"line":33,"column":18}},"17":{"start":{"line":35,"column":12},"end":{"line":40,"column":13}},"18":{"start":{"line":36,"column":16},"end":{"line":39,"column":18}},"19":{"start":{"line":41,"column":23},"end":{"line":41,"column":31}},"20":{"start":{"line":42,"column":12},"end":{"line":42,"column":26}},"21":{"start":{"line":43,"column":12},"end":{"line":43,"column":62}},"22":{"start":{"line":44,"column":25},"end":{"line":44,"column":58}},"23":{"start":{"line":45,"column":12},"end":{"line":45,"column":66}},"24":{"start":{"line":46,"column":12},"end":{"line":46,"column":40}},"25":{"start":{"line":48,"column":12},"end":{"line":48,"column":31}},"26":{"start":{"line":49,"column":12},"end":{"line":53,"column":13}},"27":{"start":{"line":50,"column":16},"end":{"line":50,"column":64}},"28":{"start":{"line":52,"column":16},"end":{"line":52,"column":87}},"29":{"start":{"line":58,"column":8},"end":{"line":87,"column":9}},"30":{"start":{"line":59,"column":12},"end":{"line":64,"column":13}},"31":{"start":{"line":60,"column":16},"end":{"line":63,"column":18}},"32":{"start":{"line":65,"column":25},"end":{"line":65,"column":33}},"33":{"start":{"line":66,"column":27},"end":{"line":66,"column":57}},"34":{"start":{"line":67,"column":12},"end":{"line":72,"column":13}},"35":{"start":{"line":68,"column":16},"end":{"line":71,"column":18}},"36":{"start":{"line":73,"column":12},"end":{"line":78,"column":13}},"37":{"start":{"line":74,"column":16},"end":{"line":77,"column":18}},"38":{"start":{"line":79,"column":12},"end":{"line":79,"column":34}},"39":{"start":{"line":80,"column":12},"end":{"line":80,"column":40}},"40":{"start":{"line":82,"column":12},"end":{"line":86,"column":13}},"41":{"start":{"line":83,"column":16},"end":{"line":83,"column":64}},"42":{"start":{"line":85,"column":16},"end":{"line":85,"column":84}},"43":{"start":{"line":91,"column":8},"end":{"line":97,"column":9}},"44":{"start":{"line":92,"column":27},"end":{"line":92,"column":37}},"45":{"start":{"line":93,"column":12},"end":{"line":93,"column":44}},"46":{"start":{"line":94,"column":12},"end":{"line":94,"column":72}},"47":{"start":{"line":96,"column":12},"end":{"line":96,"column":85}},"48":{"start":{"line":101,"column":8},"end":{"line":119,"column":9}},"49":{"start":{"line":102,"column":12},"end":{"line":107,"column":13}},"50":{"start":{"line":103,"column":16},"end":{"line":106,"column":18}},"51":{"start":{"line":108,"column":27},"end":{"line":108,"column":37}},"52":{"start":{"line":109,"column":30},"end":{"line":109,"column":38}},"53":{"start":{"line":110,"column":12},"end":{"line":110,"column":53}},"54":{"start":{"line":111,"column":27},"end":{"line":111,"column":57}},"55":{"start":{"line":112,"column":12},"end":{"line":112,"column":40}},"56":{"start":{"line":114,"column":12},"end":{"line":118,"column":13}},"57":{"start":{"line":115,"column":16},"end":{"line":115,"column":64}},"58":{"start":{"line":117,"column":16},"end":{"line":117,"column":91}},"59":{"start":{"line":123,"column":8},"end":{"line":141,"column":9}},"60":{"start":{"line":124,"column":12},"end":{"line":129,"column":13}},"61":{"start":{"line":125,"column":16},"end":{"line":128,"column":18}},"62":{"start":{"line":130,"column":27},"end":{"line":130,"column":37}},"63":{"start":{"line":131,"column":32},"end":{"line":131,"column":40}},"64":{"start":{"line":132,"column":12},"end":{"line":132,"column":57}},"65":{"start":{"line":133,"column":27},"end":{"line":133,"column":57}},"66":{"start":{"line":134,"column":12},"end":{"line":134,"column":40}},"67":{"start":{"line":136,"column":12},"end":{"line":140,"column":13}},"68":{"start":{"line":137,"column":16},"end":{"line":137,"column":64}},"69":{"start":{"line":139,"column":16},"end":{"line":139,"column":93}},"70":{"start":{"line":145,"column":8},"end":{"line":167,"column":9}},"71":{"start":{"line":146,"column":12},"end":{"line":150,"column":13}},"72":{"start":{"line":147,"column":16},"end":{"line":149,"column":18}},"73":{"start":{"line":151,"column":33},"end":{"line":151,"column":41}},"74":{"start":{"line":152,"column":41},"end":{"line":152,"column":81}},"75":{"start":{"line":154,"column":12},"end":{"line":154,"column":54}},"76":{"start":{"line":154,"column":43},"end":{"line":154,"column":53}},"77":{"start":{"line":156,"column":12},"end":{"line":158,"column":13}},"78":{"start":{"line":156,"column":25},"end":{"line":156,"column":26}},"79":{"start":{"line":157,"column":16},"end":{"line":157,"column":50}},"80":{"start":{"line":159,"column":12},"end":{"line":159,"column":56}},"81":{"start":{"line":161,"column":12},"end":{"line":161,"column":31}},"82":{"start":{"line":162,"column":12},"end":{"line":166,"column":13}},"83":{"start":{"line":163,"column":16},"end":{"line":163,"column":69}},"84":{"start":{"line":165,"column":16},"end":{"line":165,"column":91}},"85":{"start":{"line":172,"column":0},"end":{"line":172,"column":37}}},"fnMap":{"0":{"name":"(anonymous_0)","decl":{"start":{"line":6,"column":4},"end":{"line":6,"column":5}},"loc":{"start":{"line":6,"column":47},"end":{"line":14,"column":5}},"line":6},"1":{"name":"(anonymous_1)","decl":{"start":{"line":16,"column":4},"end":{"line":16,"column":5}},"loc":{"start":{"line":16,"column":47},"end":{"line":25,"column":5}},"line":16},"2":{"name":"(anonymous_2)","decl":{"start":{"line":27,"column":4},"end":{"line":27,"column":5}},"loc":{"start":{"line":27,"column":48},"end":{"line":55,"column":5}},"line":27},"3":{"name":"(anonymous_3)","decl":{"start":{"line":57,"column":4},"end":{"line":57,"column":5}},"loc":{"start":{"line":57,"column":45},"end":{"line":88,"column":5}},"line":57},"4":{"name":"(anonymous_4)","decl":{"start":{"line":90,"column":4},"end":{"line":90,"column":5}},"loc":{"start":{"line":90,"column":49},"end":{"line":98,"column":5}},"line":90},"5":{"name":"(anonymous_5)","decl":{"start":{"line":100,"column":4},"end":{"line":100,"column":5}},"loc":{"start":{"line":100,"column":51},"end":{"line":120,"column":5}},"line":100},"6":{"name":"(anonymous_6)","decl":{"start":{"line":122,"column":4},"end":{"line":122,"column":5}},"loc":{"start":{"line":122,"column":53},"end":{"line":142,"column":5}},"line":122},"7":{"name":"(anonymous_7)","decl":{"start":{"line":144,"column":4},"end":{"line":144,"column":5}},"loc":{"start":{"line":144,"column":51},"end":{"line":168,"column":5}},"line":144},"8":{"name":"(anonymous_8)","decl":{"start":{"line":154,"column":38},"end":{"line":154,"column":39}},"loc":{"start":{"line":154,"column":43},"end":{"line":154,"column":53}},"line":154}},"branchMap":{"0":{"loc":{"start":{"line":29,"column":12},"end":{"line":34,"column":13}},"type":"if","locations":[{"start":{"line":29,"column":12},"end":{"line":34,"column":13}},{"start":{},"end":{}}],"line":29},"1":{"loc":{"start":{"line":29,"column":16},"end":{"line":29,"column":96}},"type":"binary-expr","locations":[{"start":{"line":29,"column":16},"end":{"line":29,"column":31}},{"start":{"line":29,"column":35},"end":{"line":29,"column":53}},{"start":{"line":29,"column":57},"end":{"line":29,"column":71}},{"start":{"line":29,"column":75},"end":{"line":29,"column":96}}],"line":29},"2":{"loc":{"start":{"line":35,"column":12},"end":{"line":40,"column":13}},"type":"if","locations":[{"start":{"line":35,"column":12},"end":{"line":40,"column":13}},{"start":{},"end":{}}],"line":35},"3":{"loc":{"start":{"line":35,"column":16},"end":{"line":35,"column":95}},"type":"binary-expr","locations":[{"start":{"line":35,"column":16},"end":{"line":35,"column":32}},{"start":{"line":35,"column":36},"end":{"line":35,"column":53}},{"start":{"line":35,"column":57},"end":{"line":35,"column":72}},{"start":{"line":35,"column":76},"end":{"line":35,"column":95}}],"line":35},"4":{"loc":{"start":{"line":49,"column":12},"end":{"line":53,"column":13}},"type":"if","locations":[{"start":{"line":49,"column":12},"end":{"line":53,"column":13}},{"start":{"line":51,"column":19},"end":{"line":53,"column":13}}],"line":49},"5":{"loc":{"start":{"line":59,"column":12},"end":{"line":64,"column":13}},"type":"if","locations":[{"start":{"line":59,"column":12},"end":{"line":64,"column":13}},{"start":{},"end":{}}],"line":59},"6":{"loc":{"start":{"line":59,"column":16},"end":{"line":59,"column":53}},"type":"binary-expr","locations":[{"start":{"line":59,"column":16},"end":{"line":59,"column":31}},{"start":{"line":59,"column":35},"end":{"line":59,"column":53}}],"line":59},"7":{"loc":{"start":{"line":67,"column":12},"end":{"line":72,"column":13}},"type":"if","locations":[{"start":{"line":67,"column":12},"end":{"line":72,"column":13}},{"start":{},"end":{}}],"line":67},"8":{"loc":{"start":{"line":73,"column":12},"end":{"line":78,"column":13}},"type":"if","locations":[{"start":{"line":73,"column":12},"end":{"line":78,"column":13}},{"start":{},"end":{}}],"line":73},"9":{"loc":{"start":{"line":82,"column":12},"end":{"line":86,"column":13}},"type":"if","locations":[{"start":{"line":82,"column":12},"end":{"line":86,"column":13}},{"start":{"line":84,"column":19},"end":{"line":86,"column":13}}],"line":82},"10":{"loc":{"start":{"line":102,"column":12},"end":{"line":107,"column":13}},"type":"if","locations":[{"start":{"line":102,"column":12},"end":{"line":107,"column":13}},{"start":{},"end":{}}],"line":102},"11":{"loc":{"start":{"line":114,"column":12},"end":{"line":118,"column":13}},"type":"if","locations":[{"start":{"line":114,"column":12},"end":{"line":118,"column":13}},{"start":{"line":116,"column":19},"end":{"line":118,"column":13}}],"line":114},"12":{"loc":{"start":{"line":124,"column":12},"end":{"line":129,"column":13}},"type":"if","locations":[{"start":{"line":124,"column":12},"end":{"line":129,"column":13}},{"start":{},"end":{}}],"line":124},"13":{"loc":{"start":{"line":136,"column":12},"end":{"line":140,"column":13}},"type":"if","locations":[{"start":{"line":136,"column":12},"end":{"line":140,"column":13}},{"start":{"line":138,"column":19},"end":{"line":140,"column":13}}],"line":136},"14":{"loc":{"start":{"line":146,"column":12},"end":{"line":150,"column":13}},"type":"if","locations":[{"start":{"line":146,"column":12},"end":{"line":150,"column":13}},{"start":{},"end":{}}],"line":146},"15":{"loc":{"start":{"line":162,"column":12},"end":{"line":166,"column":13}},"type":"if","locations":[{"start":{"line":162,"column":12},"end":{"line":166,"column":13}},{"start":{"line":164,"column":17},"end":{"line":166,"column":13}}],"line":162}},"s":{"0":1,"1":1,"2":1,"3":2,"4":2,"5":1,"6":1,"7":1,"8":2,"9":2,"10":2,"11":1,"12":1,"13":1,"14":10,"15":10,"16":4,"17":6,"18":4,"19":2,"20":2,"21":2,"22":2,"23":1,"24":1,"25":9,"26":9,"27":8,"28":1,"29":6,"30":6,"31":2,"32":4,"33":4,"34":3,"35":1,"36":2,"37":0,"38":0,"39":0,"40":6,"41":3,"42":3,"43":2,"44":2,"45":2,"46":1,"47":1,"48":3,"49":3,"50":1,"51":2,"52":2,"53":2,"54":1,"55":1,"56":2,"57":1,"58":1,"59":3,"60":3,"61":1,"62":2,"63":2,"64":2,"65":1,"66":1,"67":2,"68":1,"69":1,"70":3,"71":3,"72":1,"73":2,"74":2,"75":1,"76":2,"77":1,"78":1,"79":2,"80":1,"81":2,"82":2,"83":1,"84":1,"85":1},"f":{"0":2,"1":2,"2":10,"3":6,"4":2,"5":3,"6":3,"7":3,"8":2},"b":{"0":[4,6],"1":[10,9,8,7],"2":[4,2],"3":[6,5,4,3],"4":[8,1],"5":[2,4],"6":[6,5],"7":[1,2],"8":[0,0],"9":[3,3],"10":[1,2],"11":[1,1],"12":[1,2],"13":[1,1],"14":[1,2],"15":[1,1]},"_coverageSchema":"1a1c01bbd47fc00a2c39e90264f33305004495a9","hash":"f5e53049920f482239fc683232f13f4ae358937d"}
,"E:\\Folder Rio\\Folder Hacktiv8\\Skripsi\\goMank\\server\\services\\mamang\\models\\mamang.js": {"path":"E:\\Folder Rio\\Folder Hacktiv8\\Skripsi\\goMank\\server\\services\\mamang\\models\\mamang.js","statementMap":{"0":{"start":{"line":1,"column":21},"end":{"line":1,"column":39}},"1":{"start":{"line":2,"column":20},"end":{"line":2,"column":48}},"2":{"start":{"line":8,"column":8},"end":{"line":18,"column":9}},"3":{"start":{"line":9,"column":23},"end":{"line":9,"column":32}},"4":{"start":{"line":10,"column":28},"end":{"line":14,"column":26}},"5":{"start":{"line":15,"column":12},"end":{"line":15,"column":26}},"6":{"start":{"line":17,"column":12},"end":{"line":17,"column":25}},"7":{"start":{"line":22,"column":8},"end":{"line":31,"column":9}},"8":{"start":{"line":23,"column":23},"end":{"line":23,"column":32}},"9":{"start":{"line":24,"column":27},"end":{"line":26,"column":37}},"10":{"start":{"line":27,"column":12},"end":{"line":27,"column":34}},"11":{"start":{"line":28,"column":12},"end":{"line":28,"column":25}},"12":{"start":{"line":30,"column":12},"end":{"line":30,"column":25}},"13":{"start":{"line":35,"column":8},"end":{"line":48,"column":9}},"14":{"start":{"line":36,"column":24},"end":{"line":39,"column":13}},"15":{"start":{"line":40,"column":12},"end":{"line":40,"column":30}},"16":{"start":{"line":41,"column":23},"end":{"line":41,"column":32}},"17":{"start":{"line":42,"column":27},"end":{"line":44,"column":32}},"18":{"start":{"line":45,"column":12},"end":{"line":45,"column":25}},"19":{"start":{"line":47,"column":12},"end":{"line":47,"column":25}},"20":{"start":{"line":52,"column":8},"end":{"line":60,"column":9}},"21":{"start":{"line":53,"column":23},"end":{"line":53,"column":32}},"22":{"start":{"line":54,"column":27},"end":{"line":56,"column":47}},"23":{"start":{"line":57,"column":12},"end":{"line":57,"column":25}},"24":{"start":{"line":59,"column":12},"end":{"line":59,"column":25}},"25":{"start":{"line":64,"column":8},"end":{"line":72,"column":9}},"26":{"start":{"line":65,"column":23},"end":{"line":65,"column":32}},"27":{"start":{"line":66,"column":12},"end":{"line":68,"column":39}},"28":{"start":{"line":69,"column":12},"end":{"line":69,"column":37}},"29":{"start":{"line":71,"column":12},"end":{"line":71,"column":25}},"30":{"start":{"line":76,"column":8},"end":{"line":93,"column":9}},"31":{"start":{"line":77,"column":24},"end":{"line":80,"column":13}},"32":{"start":{"line":81,"column":23},"end":{"line":81,"column":32}},"33":{"start":{"line":82,"column":12},"end":{"line":89,"column":22}},"34":{"start":{"line":90,"column":12},"end":{"line":90,"column":45}},"35":{"start":{"line":92,"column":12},"end":{"line":92,"column":25}},"36":{"start":{"line":97,"column":8},"end":{"line":110,"column":9}},"37":{"start":{"line":98,"column":23},"end":{"line":98,"column":32}},"38":{"start":{"line":99,"column":12},"end":{"line":106,"column":22}},"39":{"start":{"line":107,"column":12},"end":{"line":107,"column":43}},"40":{"start":{"line":109,"column":12},"end":{"line":109,"column":25}},"41":{"start":{"line":114,"column":8},"end":{"line":154,"column":9}},"42":{"start":{"line":115,"column":23},"end":{"line":115,"column":32}},"43":{"start":{"line":116,"column":12},"end":{"line":118,"column":53}},"44":{"start":{"line":119,"column":28},"end":{"line":132,"column":26}},"45":{"start":{"line":133,"column":30},"end":{"line":150,"column":26}},"46":{"start":{"line":151,"column":12},"end":{"line":151,"column":38}},"47":{"start":{"line":153,"column":12},"end":{"line":153,"column":25}},"48":{"start":{"line":159,"column":0},"end":{"line":159,"column":27}}},"fnMap":{"0":{"name":"(anonymous_0)","decl":{"start":{"line":7,"column":4},"end":{"line":7,"column":5}},"loc":{"start":{"line":7,"column":33},"end":{"line":19,"column":5}},"line":7},"1":{"name":"(anonymous_1)","decl":{"start":{"line":21,"column":4},"end":{"line":21,"column":5}},"loc":{"start":{"line":21,"column":35},"end":{"line":32,"column":5}},"line":21},"2":{"name":"(anonymous_2)","decl":{"start":{"line":34,"column":4},"end":{"line":34,"column":5}},"loc":{"start":{"line":34,"column":38},"end":{"line":49,"column":5}},"line":34},"3":{"name":"(anonymous_3)","decl":{"start":{"line":51,"column":4},"end":{"line":51,"column":5}},"loc":{"start":{"line":51,"column":35},"end":{"line":61,"column":5}},"line":51},"4":{"name":"(anonymous_4)","decl":{"start":{"line":63,"column":4},"end":{"line":63,"column":5}},"loc":{"start":{"line":63,"column":37},"end":{"line":73,"column":5}},"line":63},"5":{"name":"(anonymous_5)","decl":{"start":{"line":75,"column":4},"end":{"line":75,"column":5}},"loc":{"start":{"line":75,"column":50},"end":{"line":94,"column":5}},"line":75},"6":{"name":"(anonymous_6)","decl":{"start":{"line":96,"column":4},"end":{"line":96,"column":5}},"loc":{"start":{"line":96,"column":46},"end":{"line":111,"column":5}},"line":96},"7":{"name":"(anonymous_7)","decl":{"start":{"line":113,"column":4},"end":{"line":113,"column":5}},"loc":{"start":{"line":113,"column":45},"end":{"line":155,"column":5}},"line":113}},"branchMap":{},"s":{"0":1,"1":1,"2":2,"3":2,"4":2,"5":1,"6":1,"7":5,"8":5,"9":5,"10":4,"11":4,"12":1,"13":2,"14":2,"15":2,"16":2,"17":2,"18":1,"19":1,"20":4,"21":4,"22":4,"23":3,"24":1,"25":2,"26":2,"27":2,"28":1,"29":1,"30":2,"31":2,"32":2,"33":2,"34":1,"35":1,"36":2,"37":2,"38":2,"39":1,"40":1,"41":2,"42":2,"43":2,"44":1,"45":1,"46":1,"47":1,"48":1},"f":{"0":2,"1":5,"2":2,"3":4,"4":2,"5":2,"6":2,"7":2},"b":{},"_coverageSchema":"1a1c01bbd47fc00a2c39e90264f33305004495a9","hash":"33cb2cbdf62c454915ee54b45a6565f6ea79dd14"}
,"E:\\Folder Rio\\Folder Hacktiv8\\Skripsi\\goMank\\server\\services\\mamang\\routes\\index.js": {"path":"E:\\Folder Rio\\Folder Hacktiv8\\Skripsi\\goMank\\server\\services\\mamang\\routes\\index.js","statementMap":{"0":{"start":{"line":1,"column":16},"end":{"line":1,"column":34}},"1":{"start":{"line":2,"column":15},"end":{"line":2,"column":31}},"2":{"start":{"line":3,"column":21},"end":{"line":3,"column":49}},"3":{"start":{"line":5,"column":0},"end":{"line":5,"column":35}},"4":{"start":{"line":7,"column":0},"end":{"line":7,"column":23}}},"fnMap":{},"branchMap":{},"s":{"0":1,"1":1,"2":1,"3":1,"4":1},"f":{},"b":{},"_coverageSchema":"1a1c01bbd47fc00a2c39e90264f33305004495a9","hash":"3ba9c2b5f019b301a4ee074230e35dfbf9b0be34"}
,"E:\\Folder Rio\\Folder Hacktiv8\\Skripsi\\goMank\\server\\services\\mamang\\routes\\mamangRoutes.js": {"path":"E:\\Folder Rio\\Folder Hacktiv8\\Skripsi\\goMank\\server\\services\\mamang\\routes\\mamangRoutes.js","statementMap":{"0":{"start":{"line":1,"column":16},"end":{"line":1,"column":34}},"1":{"start":{"line":2,"column":29},"end":{"line":2,"column":71}},"2":{"start":{"line":3,"column":15},"end":{"line":3,"column":31}},"3":{"start":{"line":5,"column":0},"end":{"line":5,"column":46}},"4":{"start":{"line":6,"column":0},"end":{"line":6,"column":57}},"5":{"start":{"line":7,"column":0},"end":{"line":7,"column":49}},"6":{"start":{"line":8,"column":0},"end":{"line":8,"column":50}},"7":{"start":{"line":9,"column":0},"end":{"line":9,"column":56}},"8":{"start":{"line":10,"column":0},"end":{"line":10,"column":54}},"9":{"start":{"line":11,"column":0},"end":{"line":11,"column":65}},"10":{"start":{"line":12,"column":0},"end":{"line":12,"column":55}},"11":{"start":{"line":14,"column":0},"end":{"line":14,"column":23}}},"fnMap":{},"branchMap":{},"s":{"0":1,"1":1,"2":1,"3":1,"4":1,"5":1,"6":1,"7":1,"8":1,"9":1,"10":1,"11":1},"f":{},"b":{},"_coverageSchema":"1a1c01bbd47fc00a2c39e90264f33305004495a9","hash":"0f9ceb73f7cf999d8e07badc1457a05f4a7842d6"}
}
