TN:
SF:app.js
FN:18,(anonymous_0)
FN:19,(anonymous_1)
FNF:2
FNH:2
FNDA:1,(anonymous_0)
FNDA:1,(anonymous_1)
DA:1,1
DA:2,1
DA:4,1
DA:5,1
DA:6,1
DA:7,1
DA:8,1
DA:9,1
DA:11,1
DA:12,1
DA:13,1
DA:15,1
DA:17,1
DA:19,1
DA:20,1
DA:24,1
LF:16
LH:16
BRDA:1,0,0,1
BRDA:1,0,1,0
BRDA:6,1,0,1
BRDA:6,1,1,0
BRF:4
BRH:2
end_of_record
TN:
SF:config\mongoDb.js
FN:17,connection
FN:27,(anonymous_1)
FNF:2
FNH:2
FNDA:19,connection
FNDA:22,(anonymous_1)
DA:1,1
DA:2,1
DA:5,1
DA:6,1
DA:7,1
DA:14,1
DA:18,19
DA:19,19
DA:20,19
DA:21,19
DA:23,0
DA:27,1
DA:28,22
DA:31,1
LF:14
LH:13
BRDA:1,0,0,1
BRDA:1,0,1,0
BRF:2
BRH:1
end_of_record
TN:
SF:controllers\mamangController.js
FN:6,(anonymous_0)
FN:16,(anonymous_1)
FN:27,(anonymous_2)
FN:57,(anonymous_3)
FN:90,(anonymous_4)
FN:100,(anonymous_5)
FN:122,(anonymous_6)
FN:144,(anonymous_7)
FN:154,(anonymous_8)
FNF:9
FNH:9
FNDA:2,(anonymous_0)
FNDA:2,(anonymous_1)
FNDA:10,(anonymous_2)
FNDA:6,(anonymous_3)
FNDA:2,(anonymous_4)
FNDA:3,(anonymous_5)
FNDA:3,(anonymous_6)
FNDA:3,(anonymous_7)
FNDA:2,(anonymous_8)
DA:1,1
DA:2,1
DA:3,1
DA:7,2
DA:8,2
DA:9,1
DA:11,1
DA:12,1
DA:17,2
DA:18,2
DA:19,2
DA:20,1
DA:21,1
DA:23,1
DA:28,10
DA:29,10
DA:30,4
DA:35,6
DA:36,4
DA:41,2
DA:42,2
DA:43,2
DA:44,2
DA:45,1
DA:46,1
DA:48,9
DA:49,9
DA:50,8
DA:52,1
DA:58,6
DA:59,6
DA:60,2
DA:65,4
DA:66,4
DA:67,3
DA:68,1
DA:73,2
DA:74,0
DA:79,0
DA:80,0
DA:82,6
DA:83,3
DA:85,3
DA:91,2
DA:92,2
DA:93,2
DA:94,1
DA:96,1
DA:101,3
DA:102,3
DA:103,1
DA:108,2
DA:109,2
DA:110,2
DA:111,1
DA:112,1
DA:114,2
DA:115,1
DA:117,1
DA:123,3
DA:124,3
DA:125,1
DA:130,2
DA:131,2
DA:132,2
DA:133,1
DA:134,1
DA:136,2
DA:137,1
DA:139,1
DA:145,3
DA:146,3
DA:147,1
DA:151,2
DA:152,2
DA:154,2
DA:156,1
DA:157,2
DA:159,1
DA:161,2
DA:162,2
DA:163,1
DA:165,1
DA:172,1
LF:84
LH:81
BRDA:29,0,0,4
BRDA:29,0,1,6
BRDA:29,1,0,10
BRDA:29,1,1,9
BRDA:29,1,2,8
BRDA:29,1,3,7
BRDA:35,2,0,4
BRDA:35,2,1,2
BRDA:35,3,0,6
BRDA:35,3,1,5
BRDA:35,3,2,4
BRDA:35,3,3,3
BRDA:49,4,0,8
BRDA:49,4,1,1
BRDA:59,5,0,2
BRDA:59,5,1,4
BRDA:59,6,0,6
BRDA:59,6,1,5
BRDA:67,7,0,1
BRDA:67,7,1,2
BRDA:73,8,0,0
BRDA:73,8,1,0
BRDA:82,9,0,3
BRDA:82,9,1,3
BRDA:102,10,0,1
BRDA:102,10,1,2
BRDA:114,11,0,1
BRDA:114,11,1,1
BRDA:124,12,0,1
BRDA:124,12,1,2
BRDA:136,13,0,1
BRDA:136,13,1,1
BRDA:146,14,0,1
BRDA:146,14,1,2
BRDA:162,15,0,1
BRDA:162,15,1,1
BRF:36
BRH:34
end_of_record
TN:
SF:models\mamang.js
FN:7,(anonymous_0)
FN:21,(anonymous_1)
FN:34,(anonymous_2)
FN:51,(anonymous_3)
FN:63,(anonymous_4)
FN:75,(anonymous_5)
FN:96,(anonymous_6)
FN:113,(anonymous_7)
FNF:8
FNH:8
FNDA:2,(anonymous_0)
FNDA:5,(anonymous_1)
FNDA:2,(anonymous_2)
FNDA:4,(anonymous_3)
FNDA:2,(anonymous_4)
FNDA:2,(anonymous_5)
FNDA:2,(anonymous_6)
FNDA:2,(anonymous_7)
DA:1,1
DA:2,1
DA:8,2
DA:9,2
DA:10,2
DA:15,1
DA:17,1
DA:22,5
DA:23,5
DA:24,5
DA:27,4
DA:28,4
DA:30,1
DA:35,2
DA:36,2
DA:40,2
DA:41,2
DA:42,2
DA:45,1
DA:47,1
DA:52,4
DA:53,4
DA:54,4
DA:57,3
DA:59,1
DA:64,2
DA:65,2
DA:66,2
DA:69,1
DA:71,1
DA:76,2
DA:77,2
DA:81,2
DA:82,2
DA:90,1
DA:92,1
DA:97,2
DA:98,2
DA:99,2
DA:107,1
DA:109,1
DA:114,2
DA:115,2
DA:116,2
DA:119,1
DA:133,1
DA:151,1
DA:153,1
DA:159,1
LF:49
LH:49
BRF:0
BRH:0
end_of_record
TN:
SF:routes\index.js
FNF:0
FNH:0
DA:1,1
DA:2,1
DA:3,1
DA:5,1
DA:7,1
LF:5
LH:5
BRF:0
BRH:0
end_of_record
TN:
SF:routes\mamangRoutes.js
FNF:0
FNH:0
DA:1,1
DA:2,1
DA:3,1
DA:5,1
DA:6,1
DA:7,1
DA:8,1
DA:9,1
DA:10,1
DA:11,1
DA:12,1
DA:14,1
LF:12
LH:12
BRF:0
BRH:0
end_of_record
