TN:
SF:app.js
FN:18,(anonymous_0)
FNF:1
FNH:1
FNDA:1,(anonymous_0)
DA:1,1
DA:2,1
DA:4,1
DA:5,1
DA:6,1
DA:7,1
DA:8,1
DA:9,1
DA:11,1
DA:12,1
DA:13,1
DA:15,1
DA:17,1
DA:24,1
LF:14
LH:14
BRDA:1,0,0,1
BRDA:1,0,1,0
BRDA:6,1,0,1
BRDA:6,1,1,1
BRF:4
BRH:3
end_of_record
TN:
SF:config\mongoDb.js
FN:10,connectMongoDb
FN:16,getDataBase
FNF:2
FNH:2
FNDA:19,connectMongoDb
FNDA:22,getDataBase
DA:1,1
DA:4,1
DA:5,1
DA:7,1
DA:11,19
DA:12,19
DA:13,19
DA:17,22
DA:20,1
LF:9
LH:9
BRF:0
BRH:0
end_of_record
TN:
SF:controllers\mamangController.js
FN:6,(anonymous_0)
FN:15,(anonymous_1)
FN:26,(anonymous_2)
FN:56,(anonymous_3)
FN:89,(anonymous_4)
FN:99,(anonymous_5)
FN:121,(anonymous_6)
FN:143,(anonymous_7)
FN:153,(anonymous_8)
FNF:9
FNH:9
FNDA:2,(anonymous_0)
FNDA:2,(anonymous_1)
FNDA:10,(anonymous_2)
FNDA:6,(anonymous_3)
FNDA:2,(anonymous_4)
FNDA:3,(anonymous_5)
FNDA:3,(anonymous_6)
FNDA:3,(anonymous_7)
FNDA:2,(anonymous_8)
DA:1,1
DA:2,1
DA:3,1
DA:7,2
DA:8,2
DA:9,1
DA:11,1
DA:16,2
DA:17,2
DA:18,2
DA:19,1
DA:20,1
DA:22,1
DA:27,10
DA:28,10
DA:29,4
DA:34,6
DA:35,4
DA:40,2
DA:41,2
DA:42,2
DA:43,2
DA:44,1
DA:45,1
DA:47,9
DA:48,9
DA:49,8
DA:51,1
DA:57,6
DA:58,6
DA:59,2
DA:64,4
DA:65,4
DA:66,3
DA:67,1
DA:72,2
DA:73,1
DA:78,1
DA:79,1
DA:81,5
DA:82,4
DA:84,1
DA:90,2
DA:91,2
DA:92,2
DA:93,1
DA:95,1
DA:100,3
DA:101,3
DA:102,1
DA:107,2
DA:108,2
DA:109,2
DA:110,1
DA:111,1
DA:113,2
DA:114,1
DA:116,1
DA:122,3
DA:123,3
DA:124,1
DA:129,2
DA:130,2
DA:131,2
DA:132,1
DA:133,1
DA:135,2
DA:136,1
DA:138,1
DA:144,3
DA:145,3
DA:146,1
DA:150,2
DA:151,2
DA:153,2
DA:155,1
DA:156,2
DA:158,1
DA:160,2
DA:161,2
DA:162,1
DA:164,1
DA:171,1
LF:83
LH:83
BRDA:28,0,0,4
BRDA:28,0,1,6
BRDA:28,1,0,10
BRDA:28,1,1,9
BRDA:28,1,2,8
BRDA:28,1,3,7
BRDA:34,2,0,4
BRDA:34,2,1,2
BRDA:34,3,0,6
BRDA:34,3,1,5
BRDA:34,3,2,4
BRDA:34,3,3,3
BRDA:48,4,0,8
BRDA:48,4,1,1
BRDA:58,5,0,2
BRDA:58,5,1,4
BRDA:58,6,0,6
BRDA:58,6,1,5
BRDA:66,7,0,1
BRDA:66,7,1,2
BRDA:72,8,0,1
BRDA:72,8,1,1
BRDA:81,9,0,4
BRDA:81,9,1,1
BRDA:101,10,0,1
BRDA:101,10,1,2
BRDA:113,11,0,1
BRDA:113,11,1,1
BRDA:123,12,0,1
BRDA:123,12,1,2
BRDA:135,13,0,1
BRDA:135,13,1,1
BRDA:145,14,0,1
BRDA:145,14,1,2
BRDA:161,15,0,1
BRDA:161,15,1,1
BRF:36
BRH:36
end_of_record
TN:
SF:models\mamang.js
FN:6,(anonymous_0)
FN:20,(anonymous_1)
FN:33,(anonymous_2)
FN:50,(anonymous_3)
FN:62,(anonymous_4)
FN:74,(anonymous_5)
FN:95,(anonymous_6)
FN:112,(anonymous_7)
FNF:8
FNH:8
FNDA:2,(anonymous_0)
FNDA:5,(anonymous_1)
FNDA:2,(anonymous_2)
FNDA:4,(anonymous_3)
FNDA:2,(anonymous_4)
FNDA:2,(anonymous_5)
FNDA:2,(anonymous_6)
FNDA:2,(anonymous_7)
DA:1,1
DA:2,1
DA:7,2
DA:8,2
DA:9,2
DA:14,1
DA:16,1
DA:21,5
DA:22,5
DA:23,5
DA:26,4
DA:27,4
DA:29,1
DA:34,2
DA:35,2
DA:39,2
DA:40,2
DA:41,2
DA:44,1
DA:46,1
DA:51,4
DA:52,4
DA:53,4
DA:56,3
DA:58,1
DA:63,2
DA:64,2
DA:65,2
DA:68,1
DA:70,1
DA:75,2
DA:76,2
DA:80,2
DA:81,2
DA:89,1
DA:91,1
DA:96,2
DA:97,2
DA:98,2
DA:106,1
DA:108,1
DA:113,2
DA:114,2
DA:115,2
DA:118,1
DA:132,1
DA:150,1
DA:152,1
DA:158,1
LF:49
LH:49
BRF:0
BRH:0
end_of_record
TN:
SF:routes\index.js
FNF:0
FNH:0
DA:1,1
DA:2,1
DA:3,1
DA:5,1
DA:7,1
LF:5
LH:5
BRF:0
BRH:0
end_of_record
TN:
SF:routes\mamangRoutes.js
FNF:0
FNH:0
DA:1,1
DA:2,1
DA:3,1
DA:5,1
DA:6,1
DA:7,1
DA:8,1
DA:9,1
DA:10,1
DA:11,1
DA:12,1
DA:14,1
LF:12
LH:12
BRF:0
BRH:0
end_of_record
