{"C:\\Users\\Rio\\Documents\\BOOTCAMP\\SERVICES-ORDER\\goMank\\server\\services\\app\\app.js": {"path":"C:\\Users\\Rio\\Documents\\BOOTCAMP\\SERVICES-ORDER\\goMank\\server\\services\\app\\app.js","statementMap":{"0":{"start":{"line":1,"column":16},"end":{"line":1,"column":34}},"1":{"start":{"line":2,"column":13},"end":{"line":2,"column":28}},"2":{"start":{"line":3,"column":12},"end":{"line":3,"column":21}},"3":{"start":{"line":4,"column":13},"end":{"line":4,"column":17}},"4":{"start":{"line":5,"column":15},"end":{"line":5,"column":43}},"5":{"start":{"line":6,"column":25},"end":{"line":6,"column":65}},"6":{"start":{"line":8,"column":0},"end":{"line":8,"column":15}},"7":{"start":{"line":9,"column":0},"end":{"line":9,"column":23}},"8":{"start":{"line":10,"column":0},"end":{"line":10,"column":48}},"9":{"start":{"line":11,"column":0},"end":{"line":11,"column":20}},"10":{"start":{"line":12,"column":0},"end":{"line":12,"column":21}},"11":{"start":{"line":17,"column":0},"end":{"line":17,"column":24}}},"fnMap":{},"branchMap":{},"s":{"0":1,"1":1,"2":1,"3":1,"4":1,"5":1,"6":1,"7":1,"8":1,"9":1,"10":1,"11":1},"f":{},"b":{},"_coverageSchema":"1a1c01bbd47fc00a2c39e90264f33305004495a9","hash":"99871f8562d890a36973e92593410d916fd1b795"}
,"C:\\Users\\Rio\\Documents\\BOOTCAMP\\SERVICES-ORDER\\goMank\\server\\services\\app\\controllers\\logs.js": {"path":"C:\\Users\\Rio\\Documents\\BOOTCAMP\\SERVICES-ORDER\\goMank\\server\\services\\app\\controllers\\logs.js","statementMap":{"0":{"start":{"line":1,"column":16},"end":{"line":1,"column":36}},"1":{"start":{"line":2,"column":41},"end":{"line":2,"column":61}},"2":{"start":{"line":8,"column":8},"end":{"line":17,"column":9}},"3":{"start":{"line":9,"column":23},"end":{"line":9,"column":42}},"4":{"start":{"line":10,"column":12},"end":{"line":10,"column":38}},"5":{"start":{"line":16,"column":12},"end":{"line":16,"column":21}},"6":{"start":{"line":33,"column":0},"end":{"line":33,"column":31}}},"fnMap":{"0":{"name":"(anonymous_0)","decl":{"start":{"line":6,"column":4},"end":{"line":6,"column":5}},"loc":{"start":{"line":6,"column":42},"end":{"line":19,"column":5}},"line":6}},"branchMap":{},"s":{"0":1,"1":1,"2":1,"3":1,"4":1,"5":0,"6":1},"f":{"0":1},"b":{},"_coverageSchema":"1a1c01bbd47fc00a2c39e90264f33305004495a9","hash":"600dd2291ba2d10770511fdeaa3be2d40bfe49e0"}
,"C:\\Users\\Rio\\Documents\\BOOTCAMP\\SERVICES-ORDER\\goMank\\server\\services\\app\\controllers\\order.js": {"path":"C:\\Users\\Rio\\Documents\\BOOTCAMP\\SERVICES-ORDER\\goMank\\server\\services\\app\\controllers\\order.js","statementMap":{"0":{"start":{"line":1,"column":23},"end":{"line":1,"column":43}},"1":{"start":{"line":2,"column":41},"end":{"line":2,"column":61}},"2":{"start":{"line":4,"column":18},"end":{"line":4,"column":49}},"3":{"start":{"line":9,"column":23},"end":{"line":11,"column":9}},"4":{"start":{"line":12,"column":8},"end":{"line":20,"column":9}},"5":{"start":{"line":13,"column":25},"end":{"line":13,"column":52}},"6":{"start":{"line":14,"column":12},"end":{"line":14,"column":40}},"7":{"start":{"line":19,"column":12},"end":{"line":19,"column":21}},"8":{"start":{"line":25,"column":23},"end":{"line":25,"column":33}},"9":{"start":{"line":26,"column":8},"end":{"line":41,"column":9}},"10":{"start":{"line":27,"column":24},"end":{"line":27,"column":48}},"11":{"start":{"line":28,"column":12},"end":{"line":34,"column":13}},"12":{"start":{"line":29,"column":16},"end":{"line":33,"column":18}},"13":{"start":{"line":35,"column":12},"end":{"line":35,"column":39}},"14":{"start":{"line":40,"column":12},"end":{"line":40,"column":21}},"15":{"start":{"line":47,"column":8},"end":{"line":63,"column":9}},"16":{"start":{"line":48,"column":24},"end":{"line":48,"column":52}},"17":{"start":{"line":49,"column":12},"end":{"line":49,"column":31}},"18":{"start":{"line":50,"column":25},"end":{"line":54,"column":13}},"19":{"start":{"line":55,"column":12},"end":{"line":55,"column":34}},"20":{"start":{"line":56,"column":12},"end":{"line":56,"column":39}},"21":{"start":{"line":62,"column":12},"end":{"line":62,"column":21}},"22":{"start":{"line":68,"column":23},"end":{"line":68,"column":33}},"23":{"start":{"line":69,"column":28},"end":{"line":69,"column":34}},"24":{"start":{"line":70,"column":30},"end":{"line":70,"column":36}},"25":{"start":{"line":72,"column":8},"end":{"line":100,"column":9}},"26":{"start":{"line":73,"column":26},"end":{"line":73,"column":50}},"27":{"start":{"line":74,"column":12},"end":{"line":80,"column":13}},"28":{"start":{"line":75,"column":16},"end":{"line":79,"column":18}},"29":{"start":{"line":81,"column":28},"end":{"line":86,"column":14}},"30":{"start":{"line":87,"column":25},"end":{"line":91,"column":13}},"31":{"start":{"line":92,"column":12},"end":{"line":92,"column":34}},"32":{"start":{"line":93,"column":12},"end":{"line":93,"column":86}},"33":{"start":{"line":99,"column":12},"end":{"line":99,"column":21}},"34":{"start":{"line":105,"column":23},"end":{"line":105,"column":33}},"35":{"start":{"line":106,"column":28},"end":{"line":106,"column":39}},"36":{"start":{"line":108,"column":8},"end":{"line":136,"column":9}},"37":{"start":{"line":109,"column":26},"end":{"line":109,"column":50}},"38":{"start":{"line":110,"column":12},"end":{"line":116,"column":13}},"39":{"start":{"line":111,"column":16},"end":{"line":115,"column":18}},"40":{"start":{"line":117,"column":28},"end":{"line":122,"column":14}},"41":{"start":{"line":123,"column":25},"end":{"line":127,"column":13}},"42":{"start":{"line":128,"column":12},"end":{"line":128,"column":34}},"43":{"start":{"line":129,"column":12},"end":{"line":129,"column":100}},"44":{"start":{"line":135,"column":12},"end":{"line":135,"column":21}},"45":{"start":{"line":141,"column":23},"end":{"line":141,"column":33}},"46":{"start":{"line":143,"column":8},"end":{"line":158,"column":9}},"47":{"start":{"line":144,"column":26},"end":{"line":144,"column":68}},"48":{"start":{"line":145,"column":12},"end":{"line":151,"column":13}},"49":{"start":{"line":146,"column":16},"end":{"line":150,"column":18}},"50":{"start":{"line":152,"column":12},"end":{"line":152,"column":78}},"51":{"start":{"line":157,"column":12},"end":{"line":157,"column":21}},"52":{"start":{"line":164,"column":0},"end":{"line":164,"column":32}}},"fnMap":{"0":{"name":"(anonymous_0)","decl":{"start":{"line":8,"column":4},"end":{"line":8,"column":5}},"loc":{"start":{"line":8,"column":46},"end":{"line":22,"column":5}},"line":8},"1":{"name":"(anonymous_1)","decl":{"start":{"line":24,"column":4},"end":{"line":24,"column":5}},"loc":{"start":{"line":24,"column":46},"end":{"line":43,"column":5}},"line":24},"2":{"name":"(anonymous_2)","decl":{"start":{"line":45,"column":4},"end":{"line":45,"column":5}},"loc":{"start":{"line":45,"column":42},"end":{"line":65,"column":5}},"line":45},"3":{"name":"(anonymous_3)","decl":{"start":{"line":67,"column":4},"end":{"line":67,"column":5}},"loc":{"start":{"line":67,"column":55},"end":{"line":102,"column":5}},"line":67},"4":{"name":"(anonymous_4)","decl":{"start":{"line":104,"column":4},"end":{"line":104,"column":5}},"loc":{"start":{"line":104,"column":57},"end":{"line":138,"column":5}},"line":104},"5":{"name":"(anonymous_5)","decl":{"start":{"line":140,"column":4},"end":{"line":140,"column":5}},"loc":{"start":{"line":140,"column":45},"end":{"line":160,"column":5}},"line":140}},"branchMap":{"0":{"loc":{"start":{"line":28,"column":12},"end":{"line":34,"column":13}},"type":"if","locations":[{"start":{"line":28,"column":12},"end":{"line":34,"column":13}},{"start":{},"end":{}}],"line":28},"1":{"loc":{"start":{"line":74,"column":12},"end":{"line":80,"column":13}},"type":"if","locations":[{"start":{"line":74,"column":12},"end":{"line":80,"column":13}},{"start":{},"end":{}}],"line":74},"2":{"loc":{"start":{"line":110,"column":12},"end":{"line":116,"column":13}},"type":"if","locations":[{"start":{"line":110,"column":12},"end":{"line":116,"column":13}},{"start":{},"end":{}}],"line":110},"3":{"loc":{"start":{"line":145,"column":12},"end":{"line":151,"column":13}},"type":"if","locations":[{"start":{"line":145,"column":12},"end":{"line":151,"column":13}},{"start":{},"end":{}}],"line":145}},"s":{"0":1,"1":1,"2":1,"3":1,"4":1,"5":1,"6":1,"7":0,"8":2,"9":2,"10":2,"11":2,"12":1,"13":1,"14":1,"15":8,"16":8,"17":1,"18":1,"19":1,"20":1,"21":7,"22":2,"23":2,"24":2,"25":2,"26":2,"27":2,"28":1,"29":1,"30":1,"31":1,"32":1,"33":1,"34":2,"35":2,"36":2,"37":2,"38":2,"39":1,"40":1,"41":1,"42":1,"43":1,"44":1,"45":2,"46":2,"47":2,"48":1,"49":1,"50":0,"51":2,"52":1},"f":{"0":1,"1":2,"2":8,"3":2,"4":2,"5":2},"b":{"0":[1,1],"1":[1,1],"2":[1,1],"3":[1,0]},"_coverageSchema":"1a1c01bbd47fc00a2c39e90264f33305004495a9","hash":"aa2dc0cf48ee17e413edcbc21473a1b334c0c5e9"}
,"C:\\Users\\Rio\\Documents\\BOOTCAMP\\SERVICES-ORDER\\goMank\\server\\services\\app\\helpers\\dateLocalizer.js": {"path":"C:\\Users\\Rio\\Documents\\BOOTCAMP\\SERVICES-ORDER\\goMank\\server\\services\\app\\helpers\\dateLocalizer.js","statementMap":{"0":{"start":{"line":1,"column":18},"end":{"line":18,"column":1}},"1":{"start":{"line":3,"column":17},"end":{"line":3,"column":27}},"2":{"start":{"line":4,"column":23},"end":{"line":4,"column":48}},"3":{"start":{"line":5,"column":22},"end":{"line":5,"column":41}},"4":{"start":{"line":7,"column":13},"end":{"line":7,"column":57}},"5":{"start":{"line":8,"column":15},"end":{"line":8,"column":33}},"6":{"start":{"line":9,"column":16},"end":{"line":9,"column":31}},"7":{"start":{"line":11,"column":14},"end":{"line":14,"column":5}},"8":{"start":{"line":16,"column":4},"end":{"line":16,"column":15}},"9":{"start":{"line":20,"column":0},"end":{"line":20,"column":27}}},"fnMap":{"0":{"name":"(anonymous_0)","decl":{"start":{"line":1,"column":18},"end":{"line":1,"column":19}},"loc":{"start":{"line":1,"column":24},"end":{"line":18,"column":1}},"line":1}},"branchMap":{},"s":{"0":1,"1":1,"2":1,"3":1,"4":1,"5":1,"6":1,"7":1,"8":1,"9":1},"f":{"0":1},"b":{},"_coverageSchema":"1a1c01bbd47fc00a2c39e90264f33305004495a9","hash":"78375bf0c6a299ffc7a9f028bc881ff0e0fb872e"}
,"C:\\Users\\Rio\\Documents\\BOOTCAMP\\SERVICES-ORDER\\goMank\\server\\services\\app\\helpers\\logSwitch.js": {"path":"C:\\Users\\Rio\\Documents\\BOOTCAMP\\SERVICES-ORDER\\goMank\\server\\services\\app\\helpers\\logSwitch.js","statementMap":{"0":{"start":{"line":1,"column":18},"end":{"line":18,"column":1}},"1":{"start":{"line":2,"column":4},"end":{"line":17,"column":5}},"2":{"start":{"line":5,"column":12},"end":{"line":5,"column":58}},"3":{"start":{"line":9,"column":12},"end":{"line":9,"column":66}},"4":{"start":{"line":13,"column":12},"end":{"line":13,"column":60}},"5":{"start":{"line":20,"column":0},"end":{"line":20,"column":26}}},"fnMap":{"0":{"name":"(anonymous_0)","decl":{"start":{"line":1,"column":18},"end":{"line":1,"column":19}},"loc":{"start":{"line":1,"column":32},"end":{"line":18,"column":1}},"line":1}},"branchMap":{"0":{"loc":{"start":{"line":2,"column":4},"end":{"line":17,"column":5}},"type":"switch","locations":[{"start":{"line":3,"column":8},"end":{"line":5,"column":58}},{"start":{"line":7,"column":8},"end":{"line":9,"column":66}},{"start":{"line":11,"column":8},"end":{"line":13,"column":60}}],"line":2}},"s":{"0":1,"1":3,"2":1,"3":1,"4":1,"5":1},"f":{"0":3},"b":{"0":[1,1,1]},"_coverageSchema":"1a1c01bbd47fc00a2c39e90264f33305004495a9","hash":"db3d9210d199a1f22e62f4bb2f834e203b355b5e"}
,"C:\\Users\\Rio\\Documents\\BOOTCAMP\\SERVICES-ORDER\\goMank\\server\\services\\app\\middlewares\\errorHandler.js": {"path":"C:\\Users\\Rio\\Documents\\BOOTCAMP\\SERVICES-ORDER\\goMank\\server\\services\\app\\middlewares\\errorHandler.js","statementMap":{"0":{"start":{"line":1,"column":21},"end":{"line":21,"column":1}},"1":{"start":{"line":2,"column":4},"end":{"line":10,"column":5}},"2":{"start":{"line":3,"column":8},"end":{"line":5,"column":10}},"3":{"start":{"line":6,"column":11},"end":{"line":10,"column":5}},"4":{"start":{"line":7,"column":8},"end":{"line":9,"column":10}},"5":{"start":{"line":8,"column":43},"end":{"line":8,"column":52}},"6":{"start":{"line":23,"column":0},"end":{"line":25,"column":1}}},"fnMap":{"0":{"name":"(anonymous_0)","decl":{"start":{"line":1,"column":21},"end":{"line":1,"column":22}},"loc":{"start":{"line":1,"column":48},"end":{"line":21,"column":1}},"line":1},"1":{"name":"(anonymous_1)","decl":{"start":{"line":8,"column":38},"end":{"line":8,"column":39}},"loc":{"start":{"line":8,"column":43},"end":{"line":8,"column":52}},"line":8}},"branchMap":{"0":{"loc":{"start":{"line":2,"column":4},"end":{"line":10,"column":5}},"type":"if","locations":[{"start":{"line":2,"column":4},"end":{"line":10,"column":5}},{"start":{"line":6,"column":11},"end":{"line":10,"column":5}}],"line":2},"1":{"loc":{"start":{"line":6,"column":11},"end":{"line":10,"column":5}},"type":"if","locations":[{"start":{"line":6,"column":11},"end":{"line":10,"column":5}},{"start":{},"end":{}}],"line":6}},"s":{"0":1,"1":12,"2":4,"3":8,"4":7,"5":7,"6":1},"f":{"0":12,"1":7},"b":{"0":[4,8],"1":[7,1]},"_coverageSchema":"1a1c01bbd47fc00a2c39e90264f33305004495a9","hash":"bb6ba59fcdb76b548064246b6e1b03fdbba18d20"}
,"C:\\Users\\Rio\\Documents\\BOOTCAMP\\SERVICES-ORDER\\goMank\\server\\services\\app\\models\\index.js": {"path":"C:\\Users\\Rio\\Documents\\BOOTCAMP\\SERVICES-ORDER\\goMank\\server\\services\\app\\models\\index.js","statementMap":{"0":{"start":{"line":3,"column":11},"end":{"line":3,"column":24}},"1":{"start":{"line":4,"column":13},"end":{"line":4,"column":28}},"2":{"start":{"line":5,"column":18},"end":{"line":5,"column":38}},"3":{"start":{"line":6,"column":17},"end":{"line":6,"column":42}},"4":{"start":{"line":7,"column":12},"end":{"line":7,"column":49}},"5":{"start":{"line":8,"column":15},"end":{"line":8,"column":65}},"6":{"start":{"line":9,"column":11},"end":{"line":9,"column":13}},"7":{"start":{"line":12,"column":0},"end":{"line":16,"column":1}},"8":{"start":{"line":13,"column":2},"end":{"line":13,"column":74}},"9":{"start":{"line":15,"column":2},"end":{"line":15,"column":87}},"10":{"start":{"line":18,"column":0},"end":{"line":26,"column":5}},"11":{"start":{"line":21,"column":4},"end":{"line":21,"column":90}},"12":{"start":{"line":24,"column":18},"end":{"line":24,"column":85}},"13":{"start":{"line":25,"column":4},"end":{"line":25,"column":27}},"14":{"start":{"line":28,"column":0},"end":{"line":32,"column":3}},"15":{"start":{"line":29,"column":2},"end":{"line":31,"column":3}},"16":{"start":{"line":30,"column":4},"end":{"line":30,"column":32}},"17":{"start":{"line":34,"column":0},"end":{"line":34,"column":25}},"18":{"start":{"line":35,"column":0},"end":{"line":35,"column":25}},"19":{"start":{"line":37,"column":0},"end":{"line":37,"column":20}}},"fnMap":{"0":{"name":"(anonymous_0)","decl":{"start":{"line":20,"column":10},"end":{"line":20,"column":11}},"loc":{"start":{"line":20,"column":18},"end":{"line":22,"column":3}},"line":20},"1":{"name":"(anonymous_1)","decl":{"start":{"line":23,"column":11},"end":{"line":23,"column":12}},"loc":{"start":{"line":23,"column":19},"end":{"line":26,"column":3}},"line":23},"2":{"name":"(anonymous_2)","decl":{"start":{"line":28,"column":24},"end":{"line":28,"column":25}},"loc":{"start":{"line":28,"column":37},"end":{"line":32,"column":1}},"line":28}},"branchMap":{"0":{"loc":{"start":{"line":7,"column":12},"end":{"line":7,"column":49}},"type":"binary-expr","locations":[{"start":{"line":7,"column":12},"end":{"line":7,"column":32}},{"start":{"line":7,"column":36},"end":{"line":7,"column":49}}],"line":7},"1":{"loc":{"start":{"line":12,"column":0},"end":{"line":16,"column":1}},"type":"if","locations":[{"start":{"line":12,"column":0},"end":{"line":16,"column":1}},{"start":{"line":14,"column":7},"end":{"line":16,"column":1}}],"line":12},"2":{"loc":{"start":{"line":21,"column":11},"end":{"line":21,"column":89}},"type":"binary-expr","locations":[{"start":{"line":21,"column":12},"end":{"line":21,"column":35}},{"start":{"line":21,"column":41},"end":{"line":21,"column":58}},{"start":{"line":21,"column":64},"end":{"line":21,"column":88}}],"line":21},"3":{"loc":{"start":{"line":29,"column":2},"end":{"line":31,"column":3}},"type":"if","locations":[{"start":{"line":29,"column":2},"end":{"line":31,"column":3}},{"start":{},"end":{}}],"line":29}},"s":{"0":1,"1":1,"2":1,"3":1,"4":1,"5":1,"6":1,"7":1,"8":0,"9":1,"10":1,"11":3,"12":2,"13":2,"14":1,"15":2,"16":2,"17":1,"18":1,"19":1},"f":{"0":3,"1":2,"2":2},"b":{"0":[1,0],"1":[0,1],"2":[3,3,2],"3":[2,0]},"_coverageSchema":"1a1c01bbd47fc00a2c39e90264f33305004495a9","hash":"8f72943919e7efbdba3e80eb95f302d31b387922"}
,"C:\\Users\\Rio\\Documents\\BOOTCAMP\\SERVICES-ORDER\\goMank\\server\\services\\app\\models\\log.js": {"path":"C:\\Users\\Rio\\Documents\\BOOTCAMP\\SERVICES-ORDER\\goMank\\server\\services\\app\\models\\log.js","statementMap":{"0":{"start":{"line":4,"column":4},"end":{"line":4,"column":24}},"1":{"start":{"line":5,"column":0},"end":{"line":66,"column":2}},"2":{"start":{"line":13,"column":6},"end":{"line":13,"column":58}},"3":{"start":{"line":16,"column":2},"end":{"line":64,"column":5}},"4":{"start":{"line":65,"column":2},"end":{"line":65,"column":13}}},"fnMap":{"0":{"name":"(anonymous_0)","decl":{"start":{"line":5,"column":17},"end":{"line":5,"column":18}},"loc":{"start":{"line":5,"column":43},"end":{"line":66,"column":1}},"line":5},"1":{"name":"(anonymous_1)","decl":{"start":{"line":12,"column":4},"end":{"line":12,"column":5}},"loc":{"start":{"line":12,"column":29},"end":{"line":14,"column":5}},"line":12}},"branchMap":{},"s":{"0":1,"1":1,"2":1,"3":1,"4":1},"f":{"0":1,"1":1},"b":{},"_coverageSchema":"1a1c01bbd47fc00a2c39e90264f33305004495a9","hash":"e8bdf8dc1263af687902cfd430ab5fba42de7669"}
,"C:\\Users\\Rio\\Documents\\BOOTCAMP\\SERVICES-ORDER\\goMank\\server\\services\\app\\models\\order.js": {"path":"C:\\Users\\Rio\\Documents\\BOOTCAMP\\SERVICES-ORDER\\goMank\\server\\services\\app\\models\\order.js","statementMap":{"0":{"start":{"line":2,"column":18},"end":{"line":2,"column":38}},"1":{"start":{"line":3,"column":18},"end":{"line":3,"column":53}},"2":{"start":{"line":5,"column":0},"end":{"line":157,"column":2}},"3":{"start":{"line":13,"column":6},"end":{"line":13,"column":56}},"4":{"start":{"line":16,"column":2},"end":{"line":149,"column":5}},"5":{"start":{"line":151,"column":2},"end":{"line":154,"column":4}},"6":{"start":{"line":152,"column":30},"end":{"line":152,"column":41}},"7":{"start":{"line":153,"column":4},"end":{"line":153,"column":56}},"8":{"start":{"line":156,"column":2},"end":{"line":156,"column":15}}},"fnMap":{"0":{"name":"(anonymous_0)","decl":{"start":{"line":5,"column":17},"end":{"line":5,"column":18}},"loc":{"start":{"line":5,"column":43},"end":{"line":157,"column":1}},"line":5},"1":{"name":"(anonymous_1)","decl":{"start":{"line":12,"column":4},"end":{"line":12,"column":5}},"loc":{"start":{"line":12,"column":29},"end":{"line":14,"column":5}},"line":12},"2":{"name":"(anonymous_2)","decl":{"start":{"line":151,"column":21},"end":{"line":151,"column":22}},"loc":{"start":{"line":151,"column":44},"end":{"line":154,"column":3}},"line":151}},"branchMap":{},"s":{"0":1,"1":1,"2":1,"3":1,"4":1,"5":1,"6":1,"7":1,"8":1},"f":{"0":1,"1":1,"2":1},"b":{},"_coverageSchema":"1a1c01bbd47fc00a2c39e90264f33305004495a9","hash":"656465b26d7f7cfdaea2b336eb7bae209f309066"}
,"C:\\Users\\Rio\\Documents\\BOOTCAMP\\SERVICES-ORDER\\goMank\\server\\services\\app\\routes\\index.js": {"path":"C:\\Users\\Rio\\Documents\\BOOTCAMP\\SERVICES-ORDER\\goMank\\server\\services\\app\\routes\\index.js","statementMap":{"0":{"start":{"line":1,"column":16},"end":{"line":1,"column":34}},"1":{"start":{"line":2,"column":20},"end":{"line":2,"column":41}},"2":{"start":{"line":3,"column":19},"end":{"line":3,"column":39}},"3":{"start":{"line":4,"column":15},"end":{"line":4,"column":31}},"4":{"start":{"line":6,"column":0},"end":{"line":6,"column":34}},"5":{"start":{"line":7,"column":0},"end":{"line":7,"column":31}},"6":{"start":{"line":13,"column":0},"end":{"line":13,"column":23}}},"fnMap":{},"branchMap":{},"s":{"0":1,"1":1,"2":1,"3":1,"4":1,"5":1,"6":1},"f":{},"b":{},"_coverageSchema":"1a1c01bbd47fc00a2c39e90264f33305004495a9","hash":"bb819fb0965885ec6f23b8a61f0973cbbdd16499"}
,"C:\\Users\\Rio\\Documents\\BOOTCAMP\\SERVICES-ORDER\\goMank\\server\\services\\app\\routes\\logs.js": {"path":"C:\\Users\\Rio\\Documents\\BOOTCAMP\\SERVICES-ORDER\\goMank\\server\\services\\app\\routes\\logs.js","statementMap":{"0":{"start":{"line":1,"column":16},"end":{"line":1,"column":34}},"1":{"start":{"line":2,"column":23},"end":{"line":2,"column":56}},"2":{"start":{"line":3,"column":17},"end":{"line":3,"column":33}},"3":{"start":{"line":5,"column":0},"end":{"line":5,"column":44}},"4":{"start":{"line":7,"column":0},"end":{"line":7,"column":27}}},"fnMap":{},"branchMap":{},"s":{"0":1,"1":1,"2":1,"3":1,"4":1},"f":{},"b":{},"_coverageSchema":"1a1c01bbd47fc00a2c39e90264f33305004495a9","hash":"f4ce63aebbf554ac81e40403b27b544a71c96263"}
,"C:\\Users\\Rio\\Documents\\BOOTCAMP\\SERVICES-ORDER\\goMank\\server\\services\\app\\routes\\order.js": {"path":"C:\\Users\\Rio\\Documents\\BOOTCAMP\\SERVICES-ORDER\\goMank\\server\\services\\app\\routes\\order.js","statementMap":{"0":{"start":{"line":1,"column":16},"end":{"line":1,"column":34}},"1":{"start":{"line":2,"column":24},"end":{"line":2,"column":58}},"2":{"start":{"line":3,"column":18},"end":{"line":3,"column":34}},"3":{"start":{"line":5,"column":0},"end":{"line":5,"column":50}},"4":{"start":{"line":6,"column":0},"end":{"line":6,"column":47}},"5":{"start":{"line":7,"column":0},"end":{"line":7,"column":53}},"6":{"start":{"line":8,"column":0},"end":{"line":8,"column":74}},"7":{"start":{"line":9,"column":0},"end":{"line":9,"column":78}},"8":{"start":{"line":10,"column":0},"end":{"line":10,"column":62}},"9":{"start":{"line":12,"column":0},"end":{"line":12,"column":28}}},"fnMap":{},"branchMap":{},"s":{"0":1,"1":1,"2":1,"3":1,"4":1,"5":1,"6":1,"7":1,"8":1,"9":1},"f":{},"b":{},"_coverageSchema":"1a1c01bbd47fc00a2c39e90264f33305004495a9","hash":"2de967fa076e4679c3ce11565fb5764b6c469e0d"}
}
