{"C:\\Users\\Rio\\Documents\\BOOTCAMP\\FINAL PROJECT\\goMank\\server\\services\\app\\app.js": {"path":"C:\\Users\\Rio\\Documents\\BOOTCAMP\\FINAL PROJECT\\goMank\\server\\services\\app\\app.js","statementMap":{"0":{"start":{"line":1,"column":0},"end":{"line":3,"column":1}},"1":{"start":{"line":2,"column":4},"end":{"line":2,"column":30}},"2":{"start":{"line":4,"column":16},"end":{"line":4,"column":34}},"3":{"start":{"line":5,"column":13},"end":{"line":5,"column":28}},"4":{"start":{"line":6,"column":12},"end":{"line":6,"column":21}},"5":{"start":{"line":7,"column":13},"end":{"line":7,"column":17}},"6":{"start":{"line":8,"column":15},"end":{"line":8,"column":43}},"7":{"start":{"line":9,"column":25},"end":{"line":9,"column":65}},"8":{"start":{"line":11,"column":0},"end":{"line":11,"column":15}},"9":{"start":{"line":12,"column":0},"end":{"line":12,"column":23}},"10":{"start":{"line":13,"column":0},"end":{"line":13,"column":48}},"11":{"start":{"line":14,"column":0},"end":{"line":14,"column":20}},"12":{"start":{"line":15,"column":0},"end":{"line":15,"column":21}},"13":{"start":{"line":20,"column":0},"end":{"line":20,"column":24}}},"fnMap":{},"branchMap":{"0":{"loc":{"start":{"line":1,"column":0},"end":{"line":3,"column":1}},"type":"if","locations":[{"start":{"line":1,"column":0},"end":{"line":3,"column":1}},{"start":{},"end":{}}],"line":1}},"s":{"0":1,"1":1,"2":1,"3":1,"4":1,"5":1,"6":1,"7":1,"8":1,"9":1,"10":1,"11":1,"12":1,"13":1},"f":{},"b":{"0":[1,0]},"_coverageSchema":"1a1c01bbd47fc00a2c39e90264f33305004495a9","hash":"10734c6ab12683365da8905f79552df66c02eae4"}
,"C:\\Users\\Rio\\Documents\\BOOTCAMP\\FINAL PROJECT\\goMank\\server\\services\\app\\controllers\\logs.js": {"path":"C:\\Users\\Rio\\Documents\\BOOTCAMP\\FINAL PROJECT\\goMank\\server\\services\\app\\controllers\\logs.js","statementMap":{"0":{"start":{"line":1,"column":16},"end":{"line":1,"column":36}},"1":{"start":{"line":2,"column":41},"end":{"line":2,"column":61}},"2":{"start":{"line":8,"column":8},"end":{"line":17,"column":9}},"3":{"start":{"line":9,"column":23},"end":{"line":9,"column":42}},"4":{"start":{"line":10,"column":12},"end":{"line":10,"column":38}},"5":{"start":{"line":16,"column":12},"end":{"line":16,"column":21}},"6":{"start":{"line":33,"column":0},"end":{"line":33,"column":31}}},"fnMap":{"0":{"name":"(anonymous_0)","decl":{"start":{"line":6,"column":4},"end":{"line":6,"column":5}},"loc":{"start":{"line":6,"column":42},"end":{"line":19,"column":5}},"line":6}},"branchMap":{},"s":{"0":1,"1":1,"2":1,"3":1,"4":1,"5":0,"6":1},"f":{"0":1},"b":{},"_coverageSchema":"1a1c01bbd47fc00a2c39e90264f33305004495a9","hash":"aa5c8d60afc0035a7075d34852819b79be8714be"}
,"C:\\Users\\Rio\\Documents\\BOOTCAMP\\FINAL PROJECT\\goMank\\server\\services\\app\\controllers\\order.js": {"path":"C:\\Users\\Rio\\Documents\\BOOTCAMP\\FINAL PROJECT\\goMank\\server\\services\\app\\controllers\\order.js","statementMap":{"0":{"start":{"line":1,"column":23},"end":{"line":1,"column":43}},"1":{"start":{"line":2,"column":41},"end":{"line":2,"column":61}},"2":{"start":{"line":4,"column":18},"end":{"line":4,"column":49}},"3":{"start":{"line":5,"column":14},"end":{"line":5,"column":30}},"4":{"start":{"line":6,"column":19},"end":{"line":6,"column":51}},"5":{"start":{"line":11,"column":23},"end":{"line":13,"column":9}},"6":{"start":{"line":14,"column":8},"end":{"line":22,"column":9}},"7":{"start":{"line":15,"column":25},"end":{"line":15,"column":52}},"8":{"start":{"line":16,"column":12},"end":{"line":16,"column":40}},"9":{"start":{"line":21,"column":12},"end":{"line":21,"column":21}},"10":{"start":{"line":27,"column":23},"end":{"line":27,"column":33}},"11":{"start":{"line":28,"column":8},"end":{"line":43,"column":9}},"12":{"start":{"line":29,"column":24},"end":{"line":29,"column":48}},"13":{"start":{"line":30,"column":12},"end":{"line":36,"column":13}},"14":{"start":{"line":31,"column":16},"end":{"line":35,"column":18}},"15":{"start":{"line":37,"column":12},"end":{"line":37,"column":39}},"16":{"start":{"line":42,"column":12},"end":{"line":42,"column":21}},"17":{"start":{"line":48,"column":8},"end":{"line":87,"column":9}},"18":{"start":{"line":49,"column":12},"end":{"line":55,"column":13}},"19":{"start":{"line":50,"column":16},"end":{"line":54,"column":18}},"20":{"start":{"line":56,"column":20},"end":{"line":56,"column":37}},"21":{"start":{"line":58,"column":12},"end":{"line":64,"column":13}},"22":{"start":{"line":59,"column":16},"end":{"line":63,"column":18}},"23":{"start":{"line":66,"column":50},"end":{"line":66,"column":64}},"24":{"start":{"line":67,"column":24},"end":{"line":76,"column":14}},"25":{"start":{"line":77,"column":25},"end":{"line":81,"column":13}},"26":{"start":{"line":82,"column":12},"end":{"line":82,"column":34}},"27":{"start":{"line":83,"column":12},"end":{"line":83,"column":39}},"28":{"start":{"line":85,"column":12},"end":{"line":85,"column":29}},"29":{"start":{"line":86,"column":12},"end":{"line":86,"column":21}},"30":{"start":{"line":92,"column":23},"end":{"line":92,"column":33}},"31":{"start":{"line":93,"column":28},"end":{"line":93,"column":34}},"32":{"start":{"line":94,"column":30},"end":{"line":94,"column":36}},"33":{"start":{"line":96,"column":8},"end":{"line":124,"column":9}},"34":{"start":{"line":97,"column":26},"end":{"line":97,"column":50}},"35":{"start":{"line":98,"column":12},"end":{"line":104,"column":13}},"36":{"start":{"line":99,"column":16},"end":{"line":103,"column":18}},"37":{"start":{"line":105,"column":28},"end":{"line":110,"column":14}},"38":{"start":{"line":111,"column":25},"end":{"line":115,"column":13}},"39":{"start":{"line":116,"column":12},"end":{"line":116,"column":34}},"40":{"start":{"line":117,"column":12},"end":{"line":117,"column":86}},"41":{"start":{"line":123,"column":12},"end":{"line":123,"column":21}},"42":{"start":{"line":129,"column":23},"end":{"line":129,"column":33}},"43":{"start":{"line":130,"column":28},"end":{"line":130,"column":39}},"44":{"start":{"line":132,"column":8},"end":{"line":160,"column":9}},"45":{"start":{"line":133,"column":26},"end":{"line":133,"column":50}},"46":{"start":{"line":134,"column":12},"end":{"line":140,"column":13}},"47":{"start":{"line":135,"column":16},"end":{"line":139,"column":18}},"48":{"start":{"line":141,"column":28},"end":{"line":146,"column":14}},"49":{"start":{"line":147,"column":25},"end":{"line":151,"column":13}},"50":{"start":{"line":152,"column":12},"end":{"line":152,"column":34}},"51":{"start":{"line":153,"column":12},"end":{"line":153,"column":100}},"52":{"start":{"line":159,"column":12},"end":{"line":159,"column":21}},"53":{"start":{"line":165,"column":23},"end":{"line":165,"column":33}},"54":{"start":{"line":166,"column":8},"end":{"line":181,"column":9}},"55":{"start":{"line":167,"column":26},"end":{"line":167,"column":68}},"56":{"start":{"line":168,"column":12},"end":{"line":174,"column":13}},"57":{"start":{"line":169,"column":16},"end":{"line":173,"column":18}},"58":{"start":{"line":175,"column":12},"end":{"line":175,"column":78}},"59":{"start":{"line":180,"column":12},"end":{"line":180,"column":21}},"60":{"start":{"line":186,"column":8},"end":{"line":228,"column":9}},"61":{"start":{"line":187,"column":12},"end":{"line":193,"column":13}},"62":{"start":{"line":188,"column":16},"end":{"line":192,"column":18}},"63":{"start":{"line":194,"column":30},"end":{"line":194,"column":40}},"64":{"start":{"line":195,"column":30},"end":{"line":195,"column":64}},"65":{"start":{"line":196,"column":25},"end":{"line":217,"column":13}},"66":{"start":{"line":218,"column":29},"end":{"line":222,"column":14}},"67":{"start":{"line":224,"column":12},"end":{"line":224,"column":51}},"68":{"start":{"line":226,"column":12},"end":{"line":226,"column":28}},"69":{"start":{"line":227,"column":12},"end":{"line":227,"column":21}},"70":{"start":{"line":232,"column":8},"end":{"line":259,"column":9}},"71":{"start":{"line":233,"column":12},"end":{"line":233,"column":34}},"72":{"start":{"line":234,"column":12},"end":{"line":240,"column":13}},"73":{"start":{"line":235,"column":16},"end":{"line":239,"column":18}},"74":{"start":{"line":241,"column":30},"end":{"line":241,"column":40}},"75":{"start":{"line":242,"column":30},"end":{"line":242,"column":64}},"76":{"start":{"line":243,"column":25},"end":{"line":248,"column":13}},"77":{"start":{"line":249,"column":27},"end":{"line":253,"column":14}},"78":{"start":{"line":254,"column":30},"end":{"line":254,"column":55}},"79":{"start":{"line":255,"column":12},"end":{"line":255,"column":46}},"80":{"start":{"line":258,"column":12},"end":{"line":258,"column":22}},"81":{"start":{"line":264,"column":0},"end":{"line":264,"column":32}}},"fnMap":{"0":{"name":"(anonymous_0)","decl":{"start":{"line":10,"column":4},"end":{"line":10,"column":5}},"loc":{"start":{"line":10,"column":46},"end":{"line":24,"column":5}},"line":10},"1":{"name":"(anonymous_1)","decl":{"start":{"line":26,"column":4},"end":{"line":26,"column":5}},"loc":{"start":{"line":26,"column":46},"end":{"line":45,"column":5}},"line":26},"2":{"name":"(anonymous_2)","decl":{"start":{"line":47,"column":4},"end":{"line":47,"column":5}},"loc":{"start":{"line":47,"column":42},"end":{"line":89,"column":5}},"line":47},"3":{"name":"(anonymous_3)","decl":{"start":{"line":91,"column":4},"end":{"line":91,"column":5}},"loc":{"start":{"line":91,"column":55},"end":{"line":126,"column":5}},"line":91},"4":{"name":"(anonymous_4)","decl":{"start":{"line":128,"column":4},"end":{"line":128,"column":5}},"loc":{"start":{"line":128,"column":57},"end":{"line":162,"column":5}},"line":128},"5":{"name":"(anonymous_5)","decl":{"start":{"line":164,"column":4},"end":{"line":164,"column":5}},"loc":{"start":{"line":164,"column":45},"end":{"line":183,"column":5}},"line":164},"6":{"name":"(anonymous_6)","decl":{"start":{"line":185,"column":4},"end":{"line":185,"column":5}},"loc":{"start":{"line":185,"column":49},"end":{"line":229,"column":5}},"line":185},"7":{"name":"(anonymous_7)","decl":{"start":{"line":231,"column":4},"end":{"line":231,"column":5}},"loc":{"start":{"line":231,"column":48},"end":{"line":260,"column":5}},"line":231}},"branchMap":{"0":{"loc":{"start":{"line":30,"column":12},"end":{"line":36,"column":13}},"type":"if","locations":[{"start":{"line":30,"column":12},"end":{"line":36,"column":13}},{"start":{},"end":{}}],"line":30},"1":{"loc":{"start":{"line":49,"column":12},"end":{"line":55,"column":13}},"type":"if","locations":[{"start":{"line":49,"column":12},"end":{"line":55,"column":13}},{"start":{},"end":{}}],"line":49},"2":{"loc":{"start":{"line":58,"column":12},"end":{"line":64,"column":13}},"type":"if","locations":[{"start":{"line":58,"column":12},"end":{"line":64,"column":13}},{"start":{},"end":{}}],"line":58},"3":{"loc":{"start":{"line":58,"column":16},"end":{"line":58,"column":78}},"type":"binary-expr","locations":[{"start":{"line":58,"column":16},"end":{"line":58,"column":23}},{"start":{"line":58,"column":27},"end":{"line":58,"column":34}},{"start":{"line":58,"column":38},"end":{"line":58,"column":45}},{"start":{"line":58,"column":49},"end":{"line":58,"column":56}},{"start":{"line":58,"column":60},"end":{"line":58,"column":67}},{"start":{"line":58,"column":71},"end":{"line":58,"column":78}}],"line":58},"4":{"loc":{"start":{"line":98,"column":12},"end":{"line":104,"column":13}},"type":"if","locations":[{"start":{"line":98,"column":12},"end":{"line":104,"column":13}},{"start":{},"end":{}}],"line":98},"5":{"loc":{"start":{"line":134,"column":12},"end":{"line":140,"column":13}},"type":"if","locations":[{"start":{"line":134,"column":12},"end":{"line":140,"column":13}},{"start":{},"end":{}}],"line":134},"6":{"loc":{"start":{"line":168,"column":12},"end":{"line":174,"column":13}},"type":"if","locations":[{"start":{"line":168,"column":12},"end":{"line":174,"column":13}},{"start":{},"end":{}}],"line":168},"7":{"loc":{"start":{"line":187,"column":12},"end":{"line":193,"column":13}},"type":"if","locations":[{"start":{"line":187,"column":12},"end":{"line":193,"column":13}},{"start":{},"end":{}}],"line":187},"8":{"loc":{"start":{"line":234,"column":12},"end":{"line":240,"column":13}},"type":"if","locations":[{"start":{"line":234,"column":12},"end":{"line":240,"column":13}},{"start":{},"end":{}}],"line":234},"9":{"loc":{"start":{"line":234,"column":16},"end":{"line":234,"column":50}},"type":"binary-expr","locations":[{"start":{"line":234,"column":16},"end":{"line":234,"column":31}},{"start":{"line":234,"column":35},"end":{"line":234,"column":50}}],"line":234}},"s":{"0":1,"1":1,"2":1,"3":1,"4":1,"5":1,"6":1,"7":1,"8":1,"9":0,"10":2,"11":2,"12":2,"13":2,"14":1,"15":1,"16":1,"17":10,"18":10,"19":1,"20":9,"21":9,"22":1,"23":8,"24":8,"25":1,"26":1,"27":1,"28":9,"29":9,"30":2,"31":2,"32":2,"33":2,"34":2,"35":2,"36":1,"37":1,"38":1,"39":1,"40":1,"41":1,"42":2,"43":2,"44":2,"45":2,"46":2,"47":1,"48":1,"49":1,"50":1,"51":1,"52":1,"53":2,"54":2,"55":2,"56":2,"57":1,"58":1,"59":1,"60":2,"61":2,"62":1,"63":1,"64":1,"65":1,"66":1,"67":1,"68":1,"69":1,"70":3,"71":3,"72":3,"73":2,"74":1,"75":1,"76":1,"77":1,"78":1,"79":1,"80":2,"81":1},"f":{"0":1,"1":2,"2":10,"3":2,"4":2,"5":2,"6":2,"7":3},"b":{"0":[1,1],"1":[1,9],"2":[1,8],"3":[9,6,5,4,3,2],"4":[1,1],"5":[1,1],"6":[1,1],"7":[1,1],"8":[2,1],"9":[3,2]},"_coverageSchema":"1a1c01bbd47fc00a2c39e90264f33305004495a9","hash":"176427d9ed5bf5d82f1da03c2a748546b4a6f939"}
,"C:\\Users\\Rio\\Documents\\BOOTCAMP\\FINAL PROJECT\\goMank\\server\\services\\app\\helpers\\dateLocalizer.js": {"path":"C:\\Users\\Rio\\Documents\\BOOTCAMP\\FINAL PROJECT\\goMank\\server\\services\\app\\helpers\\dateLocalizer.js","statementMap":{"0":{"start":{"line":1,"column":18},"end":{"line":18,"column":1}},"1":{"start":{"line":3,"column":17},"end":{"line":3,"column":27}},"2":{"start":{"line":4,"column":23},"end":{"line":4,"column":48}},"3":{"start":{"line":5,"column":22},"end":{"line":5,"column":41}},"4":{"start":{"line":7,"column":13},"end":{"line":7,"column":57}},"5":{"start":{"line":8,"column":15},"end":{"line":8,"column":33}},"6":{"start":{"line":9,"column":16},"end":{"line":9,"column":31}},"7":{"start":{"line":11,"column":14},"end":{"line":14,"column":5}},"8":{"start":{"line":16,"column":4},"end":{"line":16,"column":15}},"9":{"start":{"line":20,"column":0},"end":{"line":20,"column":27}}},"fnMap":{"0":{"name":"(anonymous_0)","decl":{"start":{"line":1,"column":18},"end":{"line":1,"column":19}},"loc":{"start":{"line":1,"column":24},"end":{"line":18,"column":1}},"line":1}},"branchMap":{},"s":{"0":1,"1":1,"2":1,"3":1,"4":1,"5":1,"6":1,"7":1,"8":1,"9":1},"f":{"0":1},"b":{},"_coverageSchema":"1a1c01bbd47fc00a2c39e90264f33305004495a9","hash":"b10dbd8b06e50c61c9d7827b47594185650a5f82"}
,"C:\\Users\\Rio\\Documents\\BOOTCAMP\\FINAL PROJECT\\goMank\\server\\services\\app\\helpers\\logSwitch.js": {"path":"C:\\Users\\Rio\\Documents\\BOOTCAMP\\FINAL PROJECT\\goMank\\server\\services\\app\\helpers\\logSwitch.js","statementMap":{"0":{"start":{"line":1,"column":18},"end":{"line":18,"column":1}},"1":{"start":{"line":2,"column":4},"end":{"line":17,"column":5}},"2":{"start":{"line":5,"column":12},"end":{"line":5,"column":58}},"3":{"start":{"line":9,"column":12},"end":{"line":9,"column":66}},"4":{"start":{"line":13,"column":12},"end":{"line":13,"column":60}},"5":{"start":{"line":20,"column":0},"end":{"line":20,"column":26}}},"fnMap":{"0":{"name":"(anonymous_0)","decl":{"start":{"line":1,"column":18},"end":{"line":1,"column":19}},"loc":{"start":{"line":1,"column":32},"end":{"line":18,"column":1}},"line":1}},"branchMap":{"0":{"loc":{"start":{"line":2,"column":4},"end":{"line":17,"column":5}},"type":"switch","locations":[{"start":{"line":3,"column":8},"end":{"line":5,"column":58}},{"start":{"line":7,"column":8},"end":{"line":9,"column":66}},{"start":{"line":11,"column":8},"end":{"line":13,"column":60}}],"line":2}},"s":{"0":1,"1":3,"2":1,"3":1,"4":1,"5":1},"f":{"0":3},"b":{"0":[1,1,1]},"_coverageSchema":"1a1c01bbd47fc00a2c39e90264f33305004495a9","hash":"162a3e721b1a2649fa25d379e4d341871185aa79"}
,"C:\\Users\\Rio\\Documents\\BOOTCAMP\\FINAL PROJECT\\goMank\\server\\services\\app\\helpers\\typeSwitch.js": {"path":"C:\\Users\\Rio\\Documents\\BOOTCAMP\\FINAL PROJECT\\goMank\\server\\services\\app\\helpers\\typeSwitch.js","statementMap":{"0":{"start":{"line":9,"column":19},"end":{"line":53,"column":1}},"1":{"start":{"line":10,"column":4},"end":{"line":52,"column":5}},"2":{"start":{"line":13,"column":12},"end":{"line":16,"column":13}},"3":{"start":{"line":20,"column":12},"end":{"line":23,"column":13}},"4":{"start":{"line":27,"column":12},"end":{"line":30,"column":13}},"5":{"start":{"line":34,"column":12},"end":{"line":37,"column":13}},"6":{"start":{"line":41,"column":12},"end":{"line":44,"column":13}},"7":{"start":{"line":48,"column":12},"end":{"line":51,"column":13}},"8":{"start":{"line":55,"column":0},"end":{"line":55,"column":27}}},"fnMap":{"0":{"name":"(anonymous_0)","decl":{"start":{"line":9,"column":19},"end":{"line":9,"column":20}},"loc":{"start":{"line":9,"column":35},"end":{"line":53,"column":1}},"line":9}},"branchMap":{"0":{"loc":{"start":{"line":10,"column":4},"end":{"line":52,"column":5}},"type":"switch","locations":[{"start":{"line":11,"column":8},"end":{"line":16,"column":13}},{"start":{"line":18,"column":8},"end":{"line":23,"column":13}},{"start":{"line":25,"column":8},"end":{"line":30,"column":13}},{"start":{"line":32,"column":8},"end":{"line":37,"column":13}},{"start":{"line":39,"column":8},"end":{"line":44,"column":13}},{"start":{"line":46,"column":8},"end":{"line":51,"column":13}}],"line":10}},"s":{"0":1,"1":8,"2":3,"3":1,"4":1,"5":1,"6":1,"7":1,"8":1},"f":{"0":8},"b":{"0":[3,1,1,1,1,1]},"_coverageSchema":"1a1c01bbd47fc00a2c39e90264f33305004495a9","hash":"298ddbe7388a0174490e2b2d9e3779f9a47d3630"}
,"C:\\Users\\Rio\\Documents\\BOOTCAMP\\FINAL PROJECT\\goMank\\server\\services\\app\\middlewares\\errorHandler.js": {"path":"C:\\Users\\Rio\\Documents\\BOOTCAMP\\FINAL PROJECT\\goMank\\server\\services\\app\\middlewares\\errorHandler.js","statementMap":{"0":{"start":{"line":1,"column":21},"end":{"line":21,"column":1}},"1":{"start":{"line":2,"column":4},"end":{"line":10,"column":5}},"2":{"start":{"line":3,"column":8},"end":{"line":5,"column":10}},"3":{"start":{"line":6,"column":11},"end":{"line":10,"column":5}},"4":{"start":{"line":7,"column":8},"end":{"line":9,"column":10}},"5":{"start":{"line":8,"column":43},"end":{"line":8,"column":52}},"6":{"start":{"line":23,"column":0},"end":{"line":25,"column":1}}},"fnMap":{"0":{"name":"(anonymous_0)","decl":{"start":{"line":1,"column":21},"end":{"line":1,"column":22}},"loc":{"start":{"line":1,"column":48},"end":{"line":21,"column":1}},"line":1},"1":{"name":"(anonymous_1)","decl":{"start":{"line":8,"column":38},"end":{"line":8,"column":39}},"loc":{"start":{"line":8,"column":43},"end":{"line":8,"column":52}},"line":8}},"branchMap":{"0":{"loc":{"start":{"line":2,"column":4},"end":{"line":10,"column":5}},"type":"if","locations":[{"start":{"line":2,"column":4},"end":{"line":10,"column":5}},{"start":{"line":6,"column":11},"end":{"line":10,"column":5}}],"line":2},"1":{"loc":{"start":{"line":6,"column":11},"end":{"line":10,"column":5}},"type":"if","locations":[{"start":{"line":6,"column":11},"end":{"line":10,"column":5}},{"start":{},"end":{}}],"line":6}},"s":{"0":1,"1":16,"2":9,"3":7,"4":7,"5":7,"6":1},"f":{"0":16,"1":7},"b":{"0":[9,7],"1":[7,0]},"_coverageSchema":"1a1c01bbd47fc00a2c39e90264f33305004495a9","hash":"453be1b82a6502a3c431f1b553b9162293db0171"}
,"C:\\Users\\Rio\\Documents\\BOOTCAMP\\FINAL PROJECT\\goMank\\server\\services\\app\\models\\index.js": {"path":"C:\\Users\\Rio\\Documents\\BOOTCAMP\\FINAL PROJECT\\goMank\\server\\services\\app\\models\\index.js","statementMap":{"0":{"start":{"line":3,"column":11},"end":{"line":3,"column":24}},"1":{"start":{"line":4,"column":13},"end":{"line":4,"column":28}},"2":{"start":{"line":5,"column":18},"end":{"line":5,"column":38}},"3":{"start":{"line":6,"column":17},"end":{"line":6,"column":42}},"4":{"start":{"line":7,"column":12},"end":{"line":7,"column":49}},"5":{"start":{"line":8,"column":15},"end":{"line":8,"column":65}},"6":{"start":{"line":9,"column":11},"end":{"line":9,"column":13}},"7":{"start":{"line":12,"column":0},"end":{"line":16,"column":1}},"8":{"start":{"line":13,"column":2},"end":{"line":13,"column":74}},"9":{"start":{"line":15,"column":2},"end":{"line":15,"column":87}},"10":{"start":{"line":18,"column":0},"end":{"line":26,"column":5}},"11":{"start":{"line":21,"column":4},"end":{"line":21,"column":90}},"12":{"start":{"line":24,"column":18},"end":{"line":24,"column":85}},"13":{"start":{"line":25,"column":4},"end":{"line":25,"column":27}},"14":{"start":{"line":28,"column":0},"end":{"line":32,"column":3}},"15":{"start":{"line":29,"column":2},"end":{"line":31,"column":3}},"16":{"start":{"line":30,"column":4},"end":{"line":30,"column":32}},"17":{"start":{"line":34,"column":0},"end":{"line":34,"column":25}},"18":{"start":{"line":35,"column":0},"end":{"line":35,"column":25}},"19":{"start":{"line":37,"column":0},"end":{"line":37,"column":20}}},"fnMap":{"0":{"name":"(anonymous_0)","decl":{"start":{"line":20,"column":10},"end":{"line":20,"column":11}},"loc":{"start":{"line":20,"column":18},"end":{"line":22,"column":3}},"line":20},"1":{"name":"(anonymous_1)","decl":{"start":{"line":23,"column":11},"end":{"line":23,"column":12}},"loc":{"start":{"line":23,"column":19},"end":{"line":26,"column":3}},"line":23},"2":{"name":"(anonymous_2)","decl":{"start":{"line":28,"column":24},"end":{"line":28,"column":25}},"loc":{"start":{"line":28,"column":37},"end":{"line":32,"column":1}},"line":28}},"branchMap":{"0":{"loc":{"start":{"line":7,"column":12},"end":{"line":7,"column":49}},"type":"binary-expr","locations":[{"start":{"line":7,"column":12},"end":{"line":7,"column":32}},{"start":{"line":7,"column":36},"end":{"line":7,"column":49}}],"line":7},"1":{"loc":{"start":{"line":12,"column":0},"end":{"line":16,"column":1}},"type":"if","locations":[{"start":{"line":12,"column":0},"end":{"line":16,"column":1}},{"start":{"line":14,"column":7},"end":{"line":16,"column":1}}],"line":12},"2":{"loc":{"start":{"line":21,"column":11},"end":{"line":21,"column":89}},"type":"binary-expr","locations":[{"start":{"line":21,"column":12},"end":{"line":21,"column":35}},{"start":{"line":21,"column":41},"end":{"line":21,"column":58}},{"start":{"line":21,"column":64},"end":{"line":21,"column":88}}],"line":21},"3":{"loc":{"start":{"line":29,"column":2},"end":{"line":31,"column":3}},"type":"if","locations":[{"start":{"line":29,"column":2},"end":{"line":31,"column":3}},{"start":{},"end":{}}],"line":29}},"s":{"0":1,"1":1,"2":1,"3":1,"4":1,"5":1,"6":1,"7":1,"8":0,"9":1,"10":1,"11":3,"12":2,"13":2,"14":1,"15":2,"16":2,"17":1,"18":1,"19":1},"f":{"0":3,"1":2,"2":2},"b":{"0":[1,0],"1":[0,1],"2":[3,3,2],"3":[2,0]},"_coverageSchema":"1a1c01bbd47fc00a2c39e90264f33305004495a9","hash":"5d21e0ee1223af79e82c3d9e5710b92b6486c48b"}
,"C:\\Users\\Rio\\Documents\\BOOTCAMP\\FINAL PROJECT\\goMank\\server\\services\\app\\models\\log.js": {"path":"C:\\Users\\Rio\\Documents\\BOOTCAMP\\FINAL PROJECT\\goMank\\server\\services\\app\\models\\log.js","statementMap":{"0":{"start":{"line":4,"column":4},"end":{"line":4,"column":24}},"1":{"start":{"line":5,"column":0},"end":{"line":66,"column":2}},"2":{"start":{"line":13,"column":6},"end":{"line":13,"column":58}},"3":{"start":{"line":16,"column":2},"end":{"line":64,"column":5}},"4":{"start":{"line":65,"column":2},"end":{"line":65,"column":13}}},"fnMap":{"0":{"name":"(anonymous_0)","decl":{"start":{"line":5,"column":17},"end":{"line":5,"column":18}},"loc":{"start":{"line":5,"column":43},"end":{"line":66,"column":1}},"line":5},"1":{"name":"(anonymous_1)","decl":{"start":{"line":12,"column":4},"end":{"line":12,"column":5}},"loc":{"start":{"line":12,"column":29},"end":{"line":14,"column":5}},"line":12}},"branchMap":{},"s":{"0":1,"1":1,"2":1,"3":1,"4":1},"f":{"0":1,"1":1},"b":{},"_coverageSchema":"1a1c01bbd47fc00a2c39e90264f33305004495a9","hash":"0b37119b6755d1690b2c98f2a709a8ab4a7377f5"}
,"C:\\Users\\Rio\\Documents\\BOOTCAMP\\FINAL PROJECT\\goMank\\server\\services\\app\\models\\order.js": {"path":"C:\\Users\\Rio\\Documents\\BOOTCAMP\\FINAL PROJECT\\goMank\\server\\services\\app\\models\\order.js","statementMap":{"0":{"start":{"line":2,"column":18},"end":{"line":2,"column":38}},"1":{"start":{"line":3,"column":18},"end":{"line":3,"column":53}},"2":{"start":{"line":5,"column":0},"end":{"line":156,"column":2}},"3":{"start":{"line":13,"column":6},"end":{"line":13,"column":58}},"4":{"start":{"line":16,"column":2},"end":{"line":148,"column":5}},"5":{"start":{"line":150,"column":2},"end":{"line":153,"column":4}},"6":{"start":{"line":151,"column":32},"end":{"line":151,"column":43}},"7":{"start":{"line":152,"column":4},"end":{"line":152,"column":56}},"8":{"start":{"line":155,"column":2},"end":{"line":155,"column":15}}},"fnMap":{"0":{"name":"(anonymous_0)","decl":{"start":{"line":5,"column":17},"end":{"line":5,"column":18}},"loc":{"start":{"line":5,"column":43},"end":{"line":156,"column":1}},"line":5},"1":{"name":"(anonymous_1)","decl":{"start":{"line":12,"column":4},"end":{"line":12,"column":5}},"loc":{"start":{"line":12,"column":29},"end":{"line":14,"column":5}},"line":12},"2":{"name":"(anonymous_2)","decl":{"start":{"line":150,"column":21},"end":{"line":150,"column":22}},"loc":{"start":{"line":150,"column":44},"end":{"line":153,"column":3}},"line":150}},"branchMap":{},"s":{"0":1,"1":1,"2":1,"3":1,"4":1,"5":1,"6":1,"7":1,"8":1},"f":{"0":1,"1":1,"2":1},"b":{},"_coverageSchema":"1a1c01bbd47fc00a2c39e90264f33305004495a9","hash":"51bd2e0a07cf881afa427728457cf06bd0749076"}
,"C:\\Users\\Rio\\Documents\\BOOTCAMP\\FINAL PROJECT\\goMank\\server\\services\\app\\routes\\index.js": {"path":"C:\\Users\\Rio\\Documents\\BOOTCAMP\\FINAL PROJECT\\goMank\\server\\services\\app\\routes\\index.js","statementMap":{"0":{"start":{"line":1,"column":16},"end":{"line":1,"column":34}},"1":{"start":{"line":2,"column":20},"end":{"line":2,"column":41}},"2":{"start":{"line":3,"column":19},"end":{"line":3,"column":39}},"3":{"start":{"line":4,"column":15},"end":{"line":4,"column":31}},"4":{"start":{"line":5,"column":22},"end":{"line":5,"column":45}},"5":{"start":{"line":6,"column":0},"end":{"line":6,"column":34}},"6":{"start":{"line":7,"column":0},"end":{"line":7,"column":31}},"7":{"start":{"line":8,"column":0},"end":{"line":8,"column":38}},"8":{"start":{"line":14,"column":0},"end":{"line":14,"column":23}}},"fnMap":{},"branchMap":{},"s":{"0":1,"1":1,"2":1,"3":1,"4":1,"5":1,"6":1,"7":1,"8":1},"f":{},"b":{},"_coverageSchema":"1a1c01bbd47fc00a2c39e90264f33305004495a9","hash":"1491340de62337cb0970c8c6d4327748d443873e"}
,"C:\\Users\\Rio\\Documents\\BOOTCAMP\\FINAL PROJECT\\goMank\\server\\services\\app\\routes\\logs.js": {"path":"C:\\Users\\Rio\\Documents\\BOOTCAMP\\FINAL PROJECT\\goMank\\server\\services\\app\\routes\\logs.js","statementMap":{"0":{"start":{"line":1,"column":16},"end":{"line":1,"column":34}},"1":{"start":{"line":2,"column":23},"end":{"line":2,"column":56}},"2":{"start":{"line":3,"column":17},"end":{"line":3,"column":33}},"3":{"start":{"line":5,"column":0},"end":{"line":5,"column":44}},"4":{"start":{"line":7,"column":0},"end":{"line":7,"column":27}}},"fnMap":{},"branchMap":{},"s":{"0":1,"1":1,"2":1,"3":1,"4":1},"f":{},"b":{},"_coverageSchema":"1a1c01bbd47fc00a2c39e90264f33305004495a9","hash":"83b127965955f3c57d4e9b3d89d4132dc2702adb"}
,"C:\\Users\\Rio\\Documents\\BOOTCAMP\\FINAL PROJECT\\goMank\\server\\services\\app\\routes\\order.js": {"path":"C:\\Users\\Rio\\Documents\\BOOTCAMP\\FINAL PROJECT\\goMank\\server\\services\\app\\routes\\order.js","statementMap":{"0":{"start":{"line":1,"column":16},"end":{"line":1,"column":34}},"1":{"start":{"line":2,"column":24},"end":{"line":2,"column":58}},"2":{"start":{"line":3,"column":18},"end":{"line":3,"column":34}},"3":{"start":{"line":5,"column":0},"end":{"line":5,"column":50}},"4":{"start":{"line":6,"column":0},"end":{"line":6,"column":47}},"5":{"start":{"line":7,"column":0},"end":{"line":7,"column":53}},"6":{"start":{"line":8,"column":0},"end":{"line":8,"column":74}},"7":{"start":{"line":9,"column":0},"end":{"line":9,"column":78}},"8":{"start":{"line":10,"column":0},"end":{"line":10,"column":62}},"9":{"start":{"line":12,"column":0},"end":{"line":12,"column":28}}},"fnMap":{},"branchMap":{},"s":{"0":1,"1":1,"2":1,"3":1,"4":1,"5":1,"6":1,"7":1,"8":1,"9":1},"f":{},"b":{},"_coverageSchema":"1a1c01bbd47fc00a2c39e90264f33305004495a9","hash":"5710d6b3bb58dc87f0c3ef365f6ed8f3d457c650"}
,"C:\\Users\\Rio\\Documents\\BOOTCAMP\\FINAL PROJECT\\goMank\\server\\services\\app\\routes\\payment.js": {"path":"C:\\Users\\Rio\\Documents\\BOOTCAMP\\FINAL PROJECT\\goMank\\server\\services\\app\\routes\\payment.js","statementMap":{"0":{"start":{"line":1,"column":16},"end":{"line":1,"column":34}},"1":{"start":{"line":2,"column":24},"end":{"line":2,"column":55}},"2":{"start":{"line":3,"column":20},"end":{"line":3,"column":36}},"3":{"start":{"line":5,"column":0},"end":{"line":5,"column":60}},"4":{"start":{"line":6,"column":0},"end":{"line":6,"column":63}},"5":{"start":{"line":8,"column":0},"end":{"line":8,"column":30}}},"fnMap":{},"branchMap":{},"s":{"0":1,"1":1,"2":1,"3":1,"4":1,"5":1},"f":{},"b":{},"_coverageSchema":"1a1c01bbd47fc00a2c39e90264f33305004495a9","hash":"f930c253b06799ecc68d3a7006d6ce1b92721779"}
}
