TN:
SF:app.js
FNF:0
FNH:0
DA:1,1
DA:2,1
DA:4,1
DA:5,1
DA:6,1
DA:7,1
DA:8,1
DA:9,1
DA:11,1
DA:12,1
DA:13,1
DA:14,1
DA:15,1
DA:20,1
LF:14
LH:14
BRDA:1,0,0,1
BRDA:1,0,1,0
BRF:2
BRH:1
end_of_record
TN:
SF:controllers\logs.js
FN:6,(anonymous_0)
FNF:1
FNH:1
FNDA:1,(anonymous_0)
DA:1,1
DA:2,1
DA:8,1
DA:9,1
DA:10,1
DA:16,0
DA:33,1
LF:7
LH:6
BRF:0
BRH:0
end_of_record
TN:
SF:controllers\order.js
FN:10,(anonymous_0)
FN:26,(anonymous_1)
FN:47,(anonymous_2)
FN:91,(anonymous_3)
FN:128,(anonymous_4)
FN:164,(anonymous_5)
FN:185,(anonymous_6)
FN:231,(anonymous_7)
FNF:8
FNH:8
FNDA:1,(anonymous_0)
FNDA:2,(anonymous_1)
FNDA:10,(anonymous_2)
FNDA:2,(anonymous_3)
FNDA:2,(anonymous_4)
FNDA:2,(anonymous_5)
FNDA:2,(anonymous_6)
FNDA:3,(anonymous_7)
DA:1,1
DA:2,1
DA:4,1
DA:5,1
DA:6,1
DA:11,1
DA:14,1
DA:15,1
DA:16,1
DA:21,0
DA:27,2
DA:28,2
DA:29,2
DA:30,2
DA:31,1
DA:37,1
DA:42,1
DA:48,10
DA:49,10
DA:50,1
DA:56,9
DA:58,9
DA:59,1
DA:66,8
DA:67,8
DA:77,1
DA:82,1
DA:83,1
DA:85,9
DA:86,9
DA:92,2
DA:93,2
DA:94,2
DA:96,2
DA:97,2
DA:98,2
DA:99,1
DA:105,1
DA:111,1
DA:116,1
DA:117,1
DA:123,1
DA:129,2
DA:130,2
DA:132,2
DA:133,2
DA:134,2
DA:135,1
DA:141,1
DA:147,1
DA:152,1
DA:153,1
DA:159,1
DA:165,2
DA:166,2
DA:167,2
DA:168,2
DA:169,1
DA:175,1
DA:180,1
DA:186,2
DA:187,2
DA:188,1
DA:194,1
DA:195,1
DA:196,1
DA:218,1
DA:224,1
DA:226,1
DA:227,1
DA:232,3
DA:233,3
DA:234,3
DA:235,2
DA:241,1
DA:242,1
DA:243,1
DA:249,1
DA:254,1
DA:255,1
DA:258,2
DA:264,1
LF:82
LH:81
BRDA:30,0,0,1
BRDA:30,0,1,1
BRDA:49,1,0,1
BRDA:49,1,1,9
BRDA:58,2,0,1
BRDA:58,2,1,8
BRDA:58,3,0,9
BRDA:58,3,1,6
BRDA:58,3,2,5
BRDA:58,3,3,4
BRDA:58,3,4,3
BRDA:58,3,5,2
BRDA:98,4,0,1
BRDA:98,4,1,1
BRDA:134,5,0,1
BRDA:134,5,1,1
BRDA:168,6,0,1
BRDA:168,6,1,1
BRDA:187,7,0,1
BRDA:187,7,1,1
BRDA:234,8,0,2
BRDA:234,8,1,1
BRDA:234,9,0,3
BRDA:234,9,1,2
BRF:24
BRH:24
end_of_record
TN:
SF:helpers\dateLocalizer.js
FN:1,(anonymous_0)
FNF:1
FNH:1
FNDA:1,(anonymous_0)
DA:1,1
DA:3,1
DA:4,1
DA:5,1
DA:7,1
DA:8,1
DA:9,1
DA:11,1
DA:16,1
DA:20,1
LF:10
LH:10
BRF:0
BRH:0
end_of_record
TN:
SF:helpers\logSwitch.js
FN:1,(anonymous_0)
FNF:1
FNH:1
FNDA:3,(anonymous_0)
DA:1,1
DA:2,3
DA:5,1
DA:9,1
DA:13,1
DA:20,1
LF:6
LH:6
BRDA:2,0,0,1
BRDA:2,0,1,1
BRDA:2,0,2,1
BRF:3
BRH:3
end_of_record
TN:
SF:helpers\typeSwitch.js
FN:9,(anonymous_0)
FNF:1
FNH:1
FNDA:8,(anonymous_0)
DA:9,1
DA:10,8
DA:13,3
DA:20,1
DA:27,1
DA:34,1
DA:41,1
DA:48,1
DA:55,1
LF:9
LH:9
BRDA:10,0,0,3
BRDA:10,0,1,1
BRDA:10,0,2,1
BRDA:10,0,3,1
BRDA:10,0,4,1
BRDA:10,0,5,1
BRF:6
BRH:6
end_of_record
TN:
SF:middlewares\errorHandler.js
FN:1,(anonymous_0)
FN:8,(anonymous_1)
FNF:2
FNH:2
FNDA:16,(anonymous_0)
FNDA:7,(anonymous_1)
DA:1,1
DA:2,16
DA:3,9
DA:6,7
DA:7,7
DA:8,7
DA:23,1
LF:7
LH:7
BRDA:2,0,0,9
BRDA:2,0,1,7
BRDA:6,1,0,7
BRDA:6,1,1,0
BRF:4
BRH:3
end_of_record
TN:
SF:models\index.js
FN:20,(anonymous_0)
FN:23,(anonymous_1)
FN:28,(anonymous_2)
FNF:3
FNH:3
FNDA:3,(anonymous_0)
FNDA:2,(anonymous_1)
FNDA:2,(anonymous_2)
DA:3,1
DA:4,1
DA:5,1
DA:6,1
DA:7,1
DA:8,1
DA:9,1
DA:12,1
DA:13,0
DA:15,1
DA:18,1
DA:21,3
DA:24,2
DA:25,2
DA:28,1
DA:29,2
DA:30,2
DA:34,1
DA:35,1
DA:37,1
LF:20
LH:19
BRDA:7,0,0,1
BRDA:7,0,1,0
BRDA:12,1,0,0
BRDA:12,1,1,1
BRDA:21,2,0,3
BRDA:21,2,1,3
BRDA:21,2,2,2
BRDA:29,3,0,2
BRDA:29,3,1,0
BRF:9
BRH:6
end_of_record
TN:
SF:models\log.js
FN:5,(anonymous_0)
FN:12,(anonymous_1)
FNF:2
FNH:2
FNDA:1,(anonymous_0)
FNDA:1,(anonymous_1)
DA:4,1
DA:5,1
DA:13,1
DA:16,1
DA:65,1
LF:5
LH:5
BRF:0
BRH:0
end_of_record
TN:
SF:models\order.js
FN:5,(anonymous_0)
FN:12,(anonymous_1)
FN:150,(anonymous_2)
FNF:3
FNH:3
FNDA:1,(anonymous_0)
FNDA:1,(anonymous_1)
FNDA:1,(anonymous_2)
DA:2,1
DA:3,1
DA:5,1
DA:13,1
DA:16,1
DA:150,1
DA:151,1
DA:152,1
DA:155,1
LF:9
LH:9
BRF:0
BRH:0
end_of_record
TN:
SF:routes\index.js
FNF:0
FNH:0
DA:1,1
DA:2,1
DA:3,1
DA:4,1
DA:5,1
DA:6,1
DA:7,1
DA:8,1
DA:14,1
LF:9
LH:9
BRF:0
BRH:0
end_of_record
TN:
SF:routes\logs.js
FNF:0
FNH:0
DA:1,1
DA:2,1
DA:3,1
DA:5,1
DA:7,1
LF:5
LH:5
BRF:0
BRH:0
end_of_record
TN:
SF:routes\order.js
FNF:0
FNH:0
DA:1,1
DA:2,1
DA:3,1
DA:5,1
DA:6,1
DA:7,1
DA:8,1
DA:9,1
DA:10,1
DA:12,1
LF:10
LH:10
BRF:0
BRH:0
end_of_record
TN:
SF:routes\payment.js
FNF:0
FNH:0
DA:1,1
DA:2,1
DA:3,1
DA:5,1
DA:6,1
DA:8,1
LF:6
LH:6
BRF:0
BRH:0
end_of_record
