TN:
SF:app.js
FNF:0
FNH:0
DA:1,1
DA:2,1
DA:3,1
DA:4,1
DA:5,1
DA:6,1
DA:8,1
DA:9,1
DA:10,1
DA:11,1
DA:12,1
DA:17,1
LF:12
LH:12
BRF:0
BRH:0
end_of_record
TN:
SF:controllers\logs.js
FN:6,(anonymous_0)
FNF:1
FNH:1
FNDA:1,(anonymous_0)
DA:1,1
DA:2,1
DA:8,1
DA:9,1
DA:10,1
DA:16,0
DA:33,1
LF:7
LH:6
BRF:0
BRH:0
end_of_record
TN:
SF:controllers\order.js
FN:8,(anonymous_0)
FN:24,(anonymous_1)
FN:45,(anonymous_2)
FN:67,(anonymous_3)
FN:104,(anonymous_4)
FN:140,(anonymous_5)
FNF:6
FNH:6
FNDA:1,(anonymous_0)
FNDA:2,(anonymous_1)
FNDA:8,(anonymous_2)
FNDA:2,(anonymous_3)
FNDA:2,(anonymous_4)
FNDA:2,(anonymous_5)
DA:1,1
DA:2,1
DA:4,1
DA:9,1
DA:12,1
DA:13,1
DA:14,1
DA:19,0
DA:25,2
DA:26,2
DA:27,2
DA:28,2
DA:29,1
DA:35,1
DA:40,1
DA:47,8
DA:48,8
DA:49,1
DA:50,1
DA:55,1
DA:56,1
DA:62,7
DA:68,2
DA:69,2
DA:70,2
DA:72,2
DA:73,2
DA:74,2
DA:75,1
DA:81,1
DA:87,1
DA:92,1
DA:93,1
DA:99,1
DA:105,2
DA:106,2
DA:108,2
DA:109,2
DA:110,2
DA:111,1
DA:117,1
DA:123,1
DA:128,1
DA:129,1
DA:135,1
DA:141,2
DA:143,2
DA:144,2
DA:145,1
DA:146,1
DA:152,0
DA:157,2
DA:164,1
LF:53
LH:51
BRDA:28,0,0,1
BRDA:28,0,1,1
BRDA:74,1,0,1
BRDA:74,1,1,1
BRDA:110,2,0,1
BRDA:110,2,1,1
BRDA:145,3,0,1
BRDA:145,3,1,0
BRF:8
BRH:7
end_of_record
TN:
SF:helpers\dateLocalizer.js
FN:1,(anonymous_0)
FNF:1
FNH:1
FNDA:1,(anonymous_0)
DA:1,1
DA:3,1
DA:4,1
DA:5,1
DA:7,1
DA:8,1
DA:9,1
DA:11,1
DA:16,1
DA:20,1
LF:10
LH:10
BRF:0
BRH:0
end_of_record
TN:
SF:helpers\logSwitch.js
FN:1,(anonymous_0)
FNF:1
FNH:1
FNDA:3,(anonymous_0)
DA:1,1
DA:2,3
DA:5,1
DA:9,1
DA:13,1
DA:20,1
LF:6
LH:6
BRDA:2,0,0,1
BRDA:2,0,1,1
BRDA:2,0,2,1
BRF:3
BRH:3
end_of_record
TN:
SF:middlewares\errorHandler.js
FN:1,(anonymous_0)
FN:8,(anonymous_1)
FNF:2
FNH:2
FNDA:12,(anonymous_0)
FNDA:7,(anonymous_1)
DA:1,1
DA:2,12
DA:3,4
DA:6,8
DA:7,7
DA:8,7
DA:23,1
LF:7
LH:7
BRDA:2,0,0,4
BRDA:2,0,1,8
BRDA:6,1,0,7
BRDA:6,1,1,1
BRF:4
BRH:4
end_of_record
TN:
SF:models\index.js
FN:20,(anonymous_0)
FN:23,(anonymous_1)
FN:28,(anonymous_2)
FNF:3
FNH:3
FNDA:3,(anonymous_0)
FNDA:2,(anonymous_1)
FNDA:2,(anonymous_2)
DA:3,1
DA:4,1
DA:5,1
DA:6,1
DA:7,1
DA:8,1
DA:9,1
DA:12,1
DA:13,0
DA:15,1
DA:18,1
DA:21,3
DA:24,2
DA:25,2
DA:28,1
DA:29,2
DA:30,2
DA:34,1
DA:35,1
DA:37,1
LF:20
LH:19
BRDA:7,0,0,1
BRDA:7,0,1,0
BRDA:12,1,0,0
BRDA:12,1,1,1
BRDA:21,2,0,3
BRDA:21,2,1,3
BRDA:21,2,2,2
BRDA:29,3,0,2
BRDA:29,3,1,0
BRF:9
BRH:6
end_of_record
TN:
SF:models\log.js
FN:5,(anonymous_0)
FN:12,(anonymous_1)
FNF:2
FNH:2
FNDA:1,(anonymous_0)
FNDA:1,(anonymous_1)
DA:4,1
DA:5,1
DA:13,1
DA:16,1
DA:65,1
LF:5
LH:5
BRF:0
BRH:0
end_of_record
TN:
SF:models\order.js
FN:5,(anonymous_0)
FN:12,(anonymous_1)
FN:151,(anonymous_2)
FNF:3
FNH:3
FNDA:1,(anonymous_0)
FNDA:1,(anonymous_1)
FNDA:1,(anonymous_2)
DA:2,1
DA:3,1
DA:5,1
DA:13,1
DA:16,1
DA:151,1
DA:152,1
DA:153,1
DA:156,1
LF:9
LH:9
BRF:0
BRH:0
end_of_record
TN:
SF:routes\index.js
FNF:0
FNH:0
DA:1,1
DA:2,1
DA:3,1
DA:4,1
DA:6,1
DA:7,1
DA:13,1
LF:7
LH:7
BRF:0
BRH:0
end_of_record
TN:
SF:routes\logs.js
FNF:0
FNH:0
DA:1,1
DA:2,1
DA:3,1
DA:5,1
DA:7,1
LF:5
LH:5
BRF:0
BRH:0
end_of_record
TN:
SF:routes\order.js
FNF:0
FNH:0
DA:1,1
DA:2,1
DA:3,1
DA:5,1
DA:6,1
DA:7,1
DA:8,1
DA:9,1
DA:10,1
DA:12,1
LF:10
LH:10
BRF:0
BRH:0
end_of_record
